2023-05-16 16:05:89 INFO  HomePage :73 - Mouse hover on “Desktops” Tab and click [[ChromeDriver: chrome on WINDOWS (746bd7a0d2db8defdb92c29085316d1e)] -> link text: Desktops]
2023-05-16 16:05:626 INFO  HomePage :92 - Click on Show All Desktop tab [[ChromeDriver: chrome on WINDOWS (746bd7a0d2db8defdb92c29085316d1e)] -> xpath: //a[normalize-space()='Show AllDesktops']]
2023-05-16 16:05:717 INFO  DesktopPage :46 - Click on sort by position [[ChromeDriver: chrome on WINDOWS (746bd7a0d2db8defdb92c29085316d1e)] -> id: input-sort]
2023-05-16 16:05:343 INFO  DesktopPage :75 - Select option product sorted by Name (Z - A)from sort by options [[ChromeDriver: chrome on WINDOWS (746bd7a0d2db8defdb92c29085316d1e)] -> id: input-sort]
2023-05-16 16:05:977 INFO  HomePage :73 - Mouse hover on “Desktops” Tab and click [[ChromeDriver: chrome on WINDOWS (5897f74ad9650bb4183f7ebc52ad84fd)] -> link text: Desktops]
2023-05-16 16:05:453 INFO  HomePage :92 - Click on Show All Desktop tab [[ChromeDriver: chrome on WINDOWS (5897f74ad9650bb4183f7ebc52ad84fd)] -> xpath: //a[normalize-space()='Show AllDesktops']]
2023-05-16 16:05:495 INFO  HomePage :104 - Clicking on Currency on top of page [[ChromeDriver: chrome on WINDOWS (5897f74ad9650bb4183f7ebc52ad84fd)] -> xpath: //span[normalize-space()='Currency']]
2023-05-16 16:05:962 INFO  HomePage :112 - Select £Pound Sterling from currency drop down list [[[ChromeDriver: chrome on WINDOWS (5897f74ad9650bb4183f7ebc52ad84fd)] -> xpath: //ul[@class = 'dropdown-menu']/li], [[ChromeDriver: chrome on WINDOWS (5897f74ad9650bb4183f7ebc52ad84fd)] -> xpath: //ul[@class = 'dropdown-menu']/li], [[ChromeDriver: chrome on WINDOWS (5897f74ad9650bb4183f7ebc52ad84fd)] -> xpath: //ul[@class = 'dropdown-menu']/li]]
2023-05-16 16:05:600 INFO  DesktopPage :75 - Select option product sorted by Name (A - Z)from sort by options [[ChromeDriver: chrome on WINDOWS (5897f74ad9650bb4183f7ebc52ad84fd)] -> id: input-sort]
2023-05-16 16:05:340 INFO  DesktopPage :80 - Clicking on HP LP3065 [[ChromeDriver: chrome on WINDOWS (5897f74ad9650bb4183f7ebc52ad84fd)] -> xpath: //a[contains(text(),'HP LP3065')]]
2023-05-16 16:05:359 INFO  ProductPage :53 - Verify the Text "HP LP3065" [[ChromeDriver: chrome on WINDOWS (5897f74ad9650bb4183f7ebc52ad84fd)] -> xpath: //a[contains(text(),'HP LP3065')]]
2023-05-16 16:05:443 INFO  ProductPage :59 - Select 2022November30 to date field [[ChromeDriver: chrome on WINDOWS (5897f74ad9650bb4183f7ebc52ad84fd)] -> xpath: //div[@class = 'input-group date']//button]
2023-05-16 16:05:163 INFO  ProductPage :83 - Enter Qty 1 to quantity field [[ChromeDriver: chrome on WINDOWS (5897f74ad9650bb4183f7ebc52ad84fd)] -> xpath: //input[@id='input-quantity']]
2023-05-16 16:05:867 INFO  ProductPage :88 - Clicking on Login Button [[ChromeDriver: chrome on WINDOWS (5897f74ad9650bb4183f7ebc52ad84fd)] -> xpath: //button[@id='button-cart']]
2023-05-16 16:05:410 INFO  ProductPage :92 - Verify the Message “Success: You have added HP LP3065 to your shopping cart!” [[ChromeDriver: chrome on WINDOWS (5897f74ad9650bb4183f7ebc52ad84fd)] -> xpath: //div[@class='alert alert-success alert-dismissible']]
2023-05-16 16:05:619 INFO  ProductPage :98 - Click on link “shopping cart” display into success message [[ChromeDriver: chrome on WINDOWS (5897f74ad9650bb4183f7ebc52ad84fd)] -> xpath: //a[contains(text(),'shopping cart')]]
2023-05-16 16:05:638 INFO  ShoppingCartPage :48 -  Verify the text Shopping Cart [[ChromeDriver: chrome on WINDOWS (5897f74ad9650bb4183f7ebc52ad84fd)] -> xpath: //div[@id='content']//h1]
2023-05-16 16:05:670 INFO  ShoppingCartPage :53 - Verify the Product name HP LP3065 [[ChromeDriver: chrome on WINDOWS (5897f74ad9650bb4183f7ebc52ad84fd)] -> xpath: //div[@class = 'table-responsive']/table/tbody/tr/td[2]/a]
2023-05-16 16:05:706 INFO  ShoppingCartPage :58 - Verify the Delivery Date 2022-11-30 [[ChromeDriver: chrome on WINDOWS (5897f74ad9650bb4183f7ebc52ad84fd)] -> xpath: //div[@class = 'table-responsive']/table/tbody/tr/td[2]/small[1]]
2023-05-16 16:05:736 INFO  ShoppingCartPage :63 - Verify the Model Product21 [[ChromeDriver: chrome on WINDOWS (5897f74ad9650bb4183f7ebc52ad84fd)] -> xpath: //div[@class = 'table-responsive']/table/tbody/tr/td[3]]
2023-05-16 16:05:783 INFO  ShoppingCartPage :68 - Verify the Total £74.73 [[ChromeDriver: chrome on WINDOWS (5897f74ad9650bb4183f7ebc52ad84fd)] -> xpath: //div[@class = 'table-responsive']/table/tbody/tr/td[6]]
2023-05-16 16:05:771 INFO  HomePage :79 - Mouse hover on “Laptops & Notebooks” Tab and click [[ChromeDriver: chrome on WINDOWS (9c2dadad1d311eb9b6c068878f29c307)] -> link text: Laptops & Notebooks]
2023-05-16 16:05:95 INFO  HomePage :98 - Click on Show All LaptopAndNotebook Tab [[ChromeDriver: chrome on WINDOWS (9c2dadad1d311eb9b6c068878f29c307)] -> xpath: //a[normalize-space()='Show AllLaptops & Notebooks']]
2023-05-16 16:05:143 INFO  DesktopPage :46 - Click on sort by position [[ChromeDriver: chrome on WINDOWS (9c2dadad1d311eb9b6c068878f29c307)] -> id: input-sort]
2023-05-16 16:05:517 INFO  DesktopPage :75 - Select option product sorted by Price (High > Low)from sort by options [[ChromeDriver: chrome on WINDOWS (9c2dadad1d311eb9b6c068878f29c307)] -> id: input-sort]
2023-05-16 16:05:575 INFO  LaptopAndNotebookPage :64 - Verify Product sorted  price High to low [[[ChromeDriver: chrome on WINDOWS (9c2dadad1d311eb9b6c068878f29c307)] -> xpath: //p[@class ='price']], [[ChromeDriver: chrome on WINDOWS (9c2dadad1d311eb9b6c068878f29c307)] -> xpath: //p[@class ='price']], [[ChromeDriver: chrome on WINDOWS (9c2dadad1d311eb9b6c068878f29c307)] -> xpath: //p[@class ='price']], [[ChromeDriver: chrome on WINDOWS (9c2dadad1d311eb9b6c068878f29c307)] -> xpath: //p[@class ='price']], [[ChromeDriver: chrome on WINDOWS (9c2dadad1d311eb9b6c068878f29c307)] -> xpath: //p[@class ='price']]]
2023-05-16 16:05:613 INFO  LaptopAndNotebookPage :64 - Verify Product sorted  price High to low [[[ChromeDriver: chrome on WINDOWS (9c2dadad1d311eb9b6c068878f29c307)] -> xpath: //p[@class ='price']], [[ChromeDriver: chrome on WINDOWS (9c2dadad1d311eb9b6c068878f29c307)] -> xpath: //p[@class ='price']], [[ChromeDriver: chrome on WINDOWS (9c2dadad1d311eb9b6c068878f29c307)] -> xpath: //p[@class ='price']], [[ChromeDriver: chrome on WINDOWS (9c2dadad1d311eb9b6c068878f29c307)] -> xpath: //p[@class ='price']], [[ChromeDriver: chrome on WINDOWS (9c2dadad1d311eb9b6c068878f29c307)] -> xpath: //p[@class ='price']]]
2023-05-16 16:05:500 INFO  HomePage :79 - Mouse hover on “Laptops & Notebooks” Tab and click [[ChromeDriver: chrome on WINDOWS (9144716dc65eea6f28b33228573f06db)] -> link text: Laptops & Notebooks]
2023-05-16 16:05:912 INFO  HomePage :98 - Click on Show All LaptopAndNotebook Tab [[ChromeDriver: chrome on WINDOWS (9144716dc65eea6f28b33228573f06db)] -> xpath: //a[normalize-space()='Show AllLaptops & Notebooks']]
2023-05-16 16:05:950 INFO  HomePage :104 - Clicking on Currency on top of page [[ChromeDriver: chrome on WINDOWS (9144716dc65eea6f28b33228573f06db)] -> xpath: //span[normalize-space()='Currency']]
2023-05-16 16:05:681 INFO  HomePage :112 - Select £Pound Sterling from currency drop down list [[[ChromeDriver: chrome on WINDOWS (9144716dc65eea6f28b33228573f06db)] -> xpath: //ul[@class = 'dropdown-menu']/li], [[ChromeDriver: chrome on WINDOWS (9144716dc65eea6f28b33228573f06db)] -> xpath: //ul[@class = 'dropdown-menu']/li], [[ChromeDriver: chrome on WINDOWS (9144716dc65eea6f28b33228573f06db)] -> xpath: //ul[@class = 'dropdown-menu']/li]]
2023-05-16 16:05:134 INFO  DesktopPage :75 - Select option product sorted by Price (High > Low)from sort by options [[ChromeDriver: chrome on WINDOWS (9144716dc65eea6f28b33228573f06db)] -> id: input-sort]
2023-05-16 16:05:227 INFO  LaptopAndNotebookPage :81 - Select Macbook[[ChromeDriver: chrome on WINDOWS (9144716dc65eea6f28b33228573f06db)] -> link text: MacBook]
2023-05-16 16:05:240 INFO  ProductPage :102 - Verify text MacBook [[ChromeDriver: chrome on WINDOWS (9144716dc65eea6f28b33228573f06db)] -> xpath: //h1[contains(text(),'MacBook')]]
2023-05-16 16:05:913 INFO  ProductPage :88 - Clicking on Login Button [[ChromeDriver: chrome on WINDOWS (9144716dc65eea6f28b33228573f06db)] -> xpath: //button[@id='button-cart']]
2023-05-16 16:05:442 INFO  ProductPage :92 - Verify the Message “Success: You have added HP LP3065 to your shopping cart!” [[ChromeDriver: chrome on WINDOWS (9144716dc65eea6f28b33228573f06db)] -> xpath: //div[@class='alert alert-success alert-dismissible']]
2023-05-16 16:05:410 INFO  ProductPage :98 - Click on link “shopping cart” display into success message [[ChromeDriver: chrome on WINDOWS (9144716dc65eea6f28b33228573f06db)] -> xpath: //a[contains(text(),'shopping cart')]]
2023-05-16 16:05:426 INFO  ShoppingCartPage :48 -  Verify the text Shopping Cart [[ChromeDriver: chrome on WINDOWS (9144716dc65eea6f28b33228573f06db)] -> xpath: //div[@id='content']//h1]
2023-05-16 16:05:455 INFO  ShoppingCartPage :53 - Verify the Product name HP LP3065 [[ChromeDriver: chrome on WINDOWS (9144716dc65eea6f28b33228573f06db)] -> xpath: //div[@class = 'table-responsive']/table/tbody/tr/td[2]/a]
2023-05-16 16:05:602 INFO  ShoppingCartPage :75 - Change Quantity 2 to quantity field [[ChromeDriver: chrome on WINDOWS (9144716dc65eea6f28b33228573f06db)] -> xpath: //div[@class='input-group btn-block']/input[@type='text']]
2023-05-16 16:05:184 INFO  ShoppingCartPage :80 -  Click on “Update” Tab [[ChromeDriver: chrome on WINDOWS (9144716dc65eea6f28b33228573f06db)] -> xpath: //i[@class = 'fa fa-refresh']]
2023-05-16 16:05:203 INFO  ShoppingCartPage :84 - Getting welcome back text [[ChromeDriver: chrome on WINDOWS (9144716dc65eea6f28b33228573f06db)] -> xpath: //div[@id='checkout-cart']/div[1]]
2023-05-16 16:05:230 INFO  ShoppingCartPage :68 - Verify the Total £74.73 [[ChromeDriver: chrome on WINDOWS (9144716dc65eea6f28b33228573f06db)] -> xpath: //div[@class = 'table-responsive']/table/tbody/tr/td[6]]
2023-05-16 16:05:635 INFO  ShoppingCartPage :90 - Click on “Checkout” button [[ChromeDriver: chrome on WINDOWS (9144716dc65eea6f28b33228573f06db)] -> css selector: a.btn.btn-primary]
2023-05-16 16:05:658 INFO  CheckoutPage :77 - Verify the text “Checkout” [[ChromeDriver: chrome on WINDOWS (9144716dc65eea6f28b33228573f06db)] -> xpath: //div[@id='content']/h1]
2023-05-16 16:05:203 INFO  CheckoutPage :83 - Verify the Text “New Customer” [[ChromeDriver: chrome on WINDOWS (9144716dc65eea6f28b33228573f06db)] -> xpath: //h2[contains(text(),'New Customer')]]
2023-05-16 16:05:812 INFO  CheckoutPage :90 - Click on “Guest Checkout” radio button [[ChromeDriver: chrome on WINDOWS (9144716dc65eea6f28b33228573f06db)] -> xpath: //input[@value='guest']]
2023-05-16 16:05:895 INFO  CheckoutPage :96 - Click on “Continue” tab [[ChromeDriver: chrome on WINDOWS (9144716dc65eea6f28b33228573f06db)] -> xpath: //input[@id='button-account']]
2023-05-16 16:05:209 INFO  CheckoutPage :102 - Enter firstname Mehek to firstname field [[ChromeDriver: chrome on WINDOWS (9144716dc65eea6f28b33228573f06db)] -> id: input-payment-firstname]
2023-05-16 16:05:294 INFO  CheckoutPage :108 - Enter lastname Thakur to lastname field [[ChromeDriver: chrome on WINDOWS (9144716dc65eea6f28b33228573f06db)] -> id: input-payment-lastname]
2023-05-16 16:05:442 INFO  CheckoutPage :114 - Enter email mehek to email field [[ChromeDriver: chrome on WINDOWS (9144716dc65eea6f28b33228573f06db)] -> id: input-payment-email]
2023-05-16 16:05:547 INFO  CheckoutPage :120 - Enter phoneNumber 07777777000 to phoneNumber field [[ChromeDriver: chrome on WINDOWS (9144716dc65eea6f28b33228573f06db)] -> id: input-payment-telephone]
2023-05-16 16:05:644 INFO  CheckoutPage :126 - Enter address Line 1 10 keats court to address field [[ChromeDriver: chrome on WINDOWS (9144716dc65eea6f28b33228573f06db)] -> id: input-payment-address-1]
2023-05-16 16:05:731 INFO  CheckoutPage :132 - Enter city London to city field [[ChromeDriver: chrome on WINDOWS (9144716dc65eea6f28b33228573f06db)] -> id: input-payment-city]
2023-05-16 16:05:812 INFO  CheckoutPage :138 - Enter postcode HA0 3NZ to postcode field [[ChromeDriver: chrome on WINDOWS (9144716dc65eea6f28b33228573f06db)] -> id: input-payment-postcode]
2023-05-16 16:05:877 INFO  CheckoutPage :144 - Select country United Kingdom to country field [[ChromeDriver: chrome on WINDOWS (9144716dc65eea6f28b33228573f06db)] -> id: input-payment-country]
2023-05-16 16:05:977 INFO  CheckoutPage :151 - Select state Greater London to state field [[ChromeDriver: chrome on WINDOWS (9144716dc65eea6f28b33228573f06db)] -> id: input-payment-zone]
2023-05-16 16:05:47 INFO  CheckoutPage :157 -  Click on continue button [[ChromeDriver: chrome on WINDOWS (9144716dc65eea6f28b33228573f06db)] -> id: button-guest]
2023-05-16 16:05:793 INFO  CheckoutPage :163 - Enter comments Nothing to Say! in to text area [[ChromeDriver: chrome on WINDOWS (9144716dc65eea6f28b33228573f06db)] -> xpath: //textarea[@name='comment']]
2023-05-16 16:05:877 INFO  CheckoutPage :169 -  Check the Terms & Conditions check box [[ChromeDriver: chrome on WINDOWS (9144716dc65eea6f28b33228573f06db)] -> xpath: //body/div[@id='checkout-checkout']/div[1]/div[1]/div[1]/div[3]/div[2]/div[1]/div[2]/div[1]/input[1]]
2023-05-16 16:05:990 INFO  CheckoutPage :175 - Click on “Continue” button [[ChromeDriver: chrome on WINDOWS (9144716dc65eea6f28b33228573f06db)] -> id: button-payment-method]
2023-05-16 16:05:15 INFO  CheckoutPage :180 - Verify the message “Warning: Payment method required!” [[ChromeDriver: chrome on WINDOWS (9144716dc65eea6f28b33228573f06db)] -> xpath: //div[@class='alert alert-danger alert-dismissible']]
2023-05-16 16:05:741 INFO  HomePage :131 - Click on my account link :[[ChromeDriver: chrome on WINDOWS (5e1e97129bf4a1b2af41c6889cf63ee5)] -> xpath: //span[contains(text(),'My Account')]]
2023-05-16 16:05:150 INFO  HomePage :127 - Select Login from myAccount drop down list [[[ChromeDriver: chrome on WINDOWS (5e1e97129bf4a1b2af41c6889cf63ee5)] -> xpath: //ul[@class='dropdown-menu dropdown-menu-right']/li], [[ChromeDriver: chrome on WINDOWS (5e1e97129bf4a1b2af41c6889cf63ee5)] -> xpath: //ul[@class='dropdown-menu dropdown-menu-right']/li]]
2023-05-16 16:05:166 INFO  LoginPage :37 - Verify the text “Returning Customer” [[ChromeDriver: chrome on WINDOWS (5e1e97129bf4a1b2af41c6889cf63ee5)] -> xpath: //h2[contains(text(),'Returning Customer')]]
2023-05-16 16:05:991 INFO  HomePage :131 - Click on my account link :[[ChromeDriver: chrome on WINDOWS (979bf89f574dee040f5e3720a4ed4ea7)] -> xpath: //span[contains(text(),'My Account')]]
2023-05-16 16:05:345 INFO  HomePage :127 - Select Login from myAccount drop down list [[[ChromeDriver: chrome on WINDOWS (979bf89f574dee040f5e3720a4ed4ea7)] -> xpath: //ul[@class='dropdown-menu dropdown-menu-right']/li], [[ChromeDriver: chrome on WINDOWS (979bf89f574dee040f5e3720a4ed4ea7)] -> xpath: //ul[@class='dropdown-menu dropdown-menu-right']/li]]
2023-05-16 16:05:421 INFO  LoginPage :44 - Enter email prime123@gmail.comto email field [[ChromeDriver: chrome on WINDOWS (979bf89f574dee040f5e3720a4ed4ea7)] -> id: input-email]
2023-05-16 16:05:491 INFO  LoginPage :50 - Enter password Prime123to password field [[ChromeDriver: chrome on WINDOWS (979bf89f574dee040f5e3720a4ed4ea7)] -> id: input-password]
2023-05-16 16:05:137 INFO  LoginPage :56 - Clicking on Login Button [[ChromeDriver: chrome on WINDOWS (979bf89f574dee040f5e3720a4ed4ea7)] -> xpath: //input[@value='Login']]
2023-05-16 16:05:151 INFO  LoginPage :62 - Verify text “My Account” [[ChromeDriver: chrome on WINDOWS (979bf89f574dee040f5e3720a4ed4ea7)] -> xpath: //h2[text()='My Account']]
2023-05-16 16:05:388 INFO  HomePage :131 - Click on my account link :[[ChromeDriver: chrome on WINDOWS (dd67900ea36e20853f4069a760775998)] -> xpath: //span[contains(text(),'My Account')]]
2023-05-16 16:05:71 INFO  HomePage :127 - Select Register from myAccount drop down list [[[ChromeDriver: chrome on WINDOWS (dd67900ea36e20853f4069a760775998)] -> xpath: //ul[@class='dropdown-menu dropdown-menu-right']/li], [[ChromeDriver: chrome on WINDOWS (dd67900ea36e20853f4069a760775998)] -> xpath: //ul[@class='dropdown-menu dropdown-menu-right']/li]]
2023-05-16 16:05:82 INFO  RegisterPage :59 - Verify the text “Register Account”. [[ChromeDriver: chrome on WINDOWS (dd67900ea36e20853f4069a760775998)] -> xpath: //h1[contains(text(),'Register Account')]]
2023-05-16 16:05:138 INFO  HomePage :131 - Click on my account link :[[ChromeDriver: chrome on WINDOWS (d45976d24e48764eac1c9ff76fb5d06a)] -> xpath: //span[contains(text(),'My Account')]]
2023-05-16 16:05:143 INFO  HomePage :127 - Select Register from myAccount drop down list [[[ChromeDriver: chrome on WINDOWS (d45976d24e48764eac1c9ff76fb5d06a)] -> xpath: //ul[@class='dropdown-menu dropdown-menu-right']/li], [[ChromeDriver: chrome on WINDOWS (d45976d24e48764eac1c9ff76fb5d06a)] -> xpath: //ul[@class='dropdown-menu dropdown-menu-right']/li]]
2023-05-16 16:05:206 INFO  RegisterPage :65 - Enter Firstname Mehek to Firstname field [[ChromeDriver: chrome on WINDOWS (d45976d24e48764eac1c9ff76fb5d06a)] -> id: input-firstname]
2023-05-16 16:05:264 INFO  RegisterPage :70 - Enter Lastname Thakur to Lastname field [[ChromeDriver: chrome on WINDOWS (d45976d24e48764eac1c9ff76fb5d06a)] -> id: input-lastname]
2023-05-16 16:05:347 INFO  RegisterPage :75 - Enter email MehekTfVuZ@gmail.com to email field [[ChromeDriver: chrome on WINDOWS (d45976d24e48764eac1c9ff76fb5d06a)] -> id: input-email]
2023-05-16 16:05:414 INFO  RegisterPage :80 - Enter Telephone 01234567890 to Telephone field [[ChromeDriver: chrome on WINDOWS (d45976d24e48764eac1c9ff76fb5d06a)] -> id: input-telephone]
2023-05-16 16:05:450 INFO  RegisterPage :85 - Enter Password Mv123456 to Password field [[ChromeDriver: chrome on WINDOWS (d45976d24e48764eac1c9ff76fb5d06a)] -> id: input-password]
2023-05-16 16:05:503 INFO  RegisterPage :90 - Enter ConfirmPassword Mv123456 to ConfirmPassword field [[ChromeDriver: chrome on WINDOWS (d45976d24e48764eac1c9ff76fb5d06a)] -> id: input-confirm]
2023-05-16 16:05:513 INFO  RegisterPage :102 - Select Subscribe Yes radio button [[[ChromeDriver: chrome on WINDOWS (d45976d24e48764eac1c9ff76fb5d06a)] -> xpath: //fieldset[3]//input], [[ChromeDriver: chrome on WINDOWS (d45976d24e48764eac1c9ff76fb5d06a)] -> xpath: //fieldset[3]//input]]
2023-05-16 16:05:547 INFO  RegisterPage :107 - Click on Privacy Policy check box [[ChromeDriver: chrome on WINDOWS (d45976d24e48764eac1c9ff76fb5d06a)] -> xpath: //input[@name='agree']]
2023-05-16 16:05:982 INFO  RegisterPage :112 - Clicking on Continue Button [[ChromeDriver: chrome on WINDOWS (d45976d24e48764eac1c9ff76fb5d06a)] -> xpath: //input[@type='submit']]
2023-05-16 16:05:02 INFO  RegisterPage :116 - Verify the message “Your Account Has Been Created!” [[ChromeDriver: chrome on WINDOWS (d45976d24e48764eac1c9ff76fb5d06a)] -> xpath: //h1[text()='Your Account Has Been Created!']]
2023-05-16 16:05:556 INFO  HomePage :73 - Mouse hover on “Desktops” Tab and click [[ChromeDriver: chrome on WINDOWS (299b0e9a6db73abe612f6d83f0b98f61)] -> link text: Desktops]
2023-05-16 16:05:411 INFO  HomePage :67 - Click Show All Desktops from homepage Top menu  []
2023-05-16 16:05:771 INFO  HomePage :79 - Mouse hover on “Laptops & Notebooks” Tab and click [[ChromeDriver: chrome on WINDOWS (adb3eed921fd7740e9a7ec5e13a35ec6)] -> link text: Laptops & Notebooks]
2023-05-16 16:05:840 INFO  HomePage :67 - Click Show All Laptops & Notebooks from homepage Top menu  []
2023-05-16 16:05:863 INFO  LaptopAndNotebookPage :40 - Verify the text ‘Laptops & Notebooks’ [[ChromeDriver: chrome on WINDOWS (adb3eed921fd7740e9a7ec5e13a35ec6)] -> xpath: //h2[contains(text(),'Laptops & Notebooks')]]
2023-05-16 16:05:62 INFO  HomePage :85 -  Mouse hover on “Components” Tab and click [[ChromeDriver: chrome on WINDOWS (1532c18ca01f8507ae7fc7ebc69a9a3c)] -> link text: Components]
2023-05-16 16:05:96 INFO  HomePage :67 - Click Show All Components from homepage Top menu  []
2023-05-16 16:05:112 INFO  ComponentsPage :22 - Verify the text ‘Components’ [[ChromeDriver: chrome on WINDOWS (1532c18ca01f8507ae7fc7ebc69a9a3c)] -> xpath: //h2[contains(text(),'Components')]]
2023-05-16 16:05:321 INFO  HomePage :73 - Mouse hover on “Desktops” Tab and click [[ChromeDriver: chrome on WINDOWS (a08b43a8b47d841937d093a605fdc954)] -> link text: Desktops]
2023-05-16 16:05:937 INFO  HomePage :92 - Click on Show All Desktop tab [[ChromeDriver: chrome on WINDOWS (a08b43a8b47d841937d093a605fdc954)] -> xpath: //a[normalize-space()='Show AllDesktops']]
2023-05-16 16:05:997 INFO  DesktopPage :46 - Click on sort by position [[ChromeDriver: chrome on WINDOWS (a08b43a8b47d841937d093a605fdc954)] -> id: input-sort]
2023-05-16 16:05:601 INFO  DesktopPage :75 - Select option product sorted by Name (Z - A)from sort by options [[ChromeDriver: chrome on WINDOWS (a08b43a8b47d841937d093a605fdc954)] -> id: input-sort]
2023-05-16 16:05:748 INFO  HomePage :73 - Mouse hover on “Desktops” Tab and click [[ChromeDriver: chrome on WINDOWS (6e6bae6a534360f43f895d010343fe7a)] -> link text: Desktops]
2023-05-16 16:05:108 INFO  HomePage :92 - Click on Show All Desktop tab [[ChromeDriver: chrome on WINDOWS (6e6bae6a534360f43f895d010343fe7a)] -> xpath: //a[normalize-space()='Show AllDesktops']]
2023-05-16 16:05:150 INFO  HomePage :104 - Clicking on Currency on top of page [[ChromeDriver: chrome on WINDOWS (6e6bae6a534360f43f895d010343fe7a)] -> xpath: //span[normalize-space()='Currency']]
2023-05-16 16:05:760 INFO  HomePage :112 - Select £Pound Sterling from currency drop down list [[[ChromeDriver: chrome on WINDOWS (6e6bae6a534360f43f895d010343fe7a)] -> xpath: //ul[@class = 'dropdown-menu']/li], [[ChromeDriver: chrome on WINDOWS (6e6bae6a534360f43f895d010343fe7a)] -> xpath: //ul[@class = 'dropdown-menu']/li], [[ChromeDriver: chrome on WINDOWS (6e6bae6a534360f43f895d010343fe7a)] -> xpath: //ul[@class = 'dropdown-menu']/li]]
2023-05-16 16:05:178 INFO  DesktopPage :75 - Select option product sorted by Name (A - Z)from sort by options [[ChromeDriver: chrome on WINDOWS (6e6bae6a534360f43f895d010343fe7a)] -> id: input-sort]
2023-05-16 16:05:362 INFO  DesktopPage :80 - Clicking on HP LP3065 [[ChromeDriver: chrome on WINDOWS (6e6bae6a534360f43f895d010343fe7a)] -> xpath: //a[contains(text(),'HP LP3065')]]
2023-05-16 16:05:380 INFO  ProductPage :53 - Verify the Text "HP LP3065" [[ChromeDriver: chrome on WINDOWS (6e6bae6a534360f43f895d010343fe7a)] -> xpath: //a[contains(text(),'HP LP3065')]]
2023-05-16 16:05:440 INFO  ProductPage :59 - Select 2022November30 to date field [[ChromeDriver: chrome on WINDOWS (6e6bae6a534360f43f895d010343fe7a)] -> xpath: //div[@class = 'input-group date']//button]
2023-05-16 16:05:176 INFO  ProductPage :83 - Enter Qty 1 to quantity field [[ChromeDriver: chrome on WINDOWS (6e6bae6a534360f43f895d010343fe7a)] -> xpath: //input[@id='input-quantity']]
2023-05-16 16:05:879 INFO  ProductPage :88 - Clicking on Login Button [[ChromeDriver: chrome on WINDOWS (6e6bae6a534360f43f895d010343fe7a)] -> xpath: //button[@id='button-cart']]
2023-05-16 16:05:420 INFO  ProductPage :92 - Verify the Message “Success: You have added HP LP3065 to your shopping cart!” [[ChromeDriver: chrome on WINDOWS (6e6bae6a534360f43f895d010343fe7a)] -> xpath: //div[@class='alert alert-success alert-dismissible']]
2023-05-16 16:05:427 INFO  ProductPage :98 - Click on link “shopping cart” display into success message [[ChromeDriver: chrome on WINDOWS (6e6bae6a534360f43f895d010343fe7a)] -> xpath: //a[contains(text(),'shopping cart')]]
2023-05-16 16:05:446 INFO  ShoppingCartPage :48 -  Verify the text Shopping Cart [[ChromeDriver: chrome on WINDOWS (6e6bae6a534360f43f895d010343fe7a)] -> xpath: //div[@id='content']//h1]
2023-05-16 16:05:487 INFO  ShoppingCartPage :53 - Verify the Product name HP LP3065 [[ChromeDriver: chrome on WINDOWS (6e6bae6a534360f43f895d010343fe7a)] -> xpath: //div[@class = 'table-responsive']/table/tbody/tr/td[2]/a]
2023-05-16 16:05:527 INFO  ShoppingCartPage :58 - Verify the Delivery Date 2022-11-30 [[ChromeDriver: chrome on WINDOWS (6e6bae6a534360f43f895d010343fe7a)] -> xpath: //div[@class = 'table-responsive']/table/tbody/tr/td[2]/small[1]]
2023-05-16 16:05:562 INFO  ShoppingCartPage :63 - Verify the Model Product21 [[ChromeDriver: chrome on WINDOWS (6e6bae6a534360f43f895d010343fe7a)] -> xpath: //div[@class = 'table-responsive']/table/tbody/tr/td[3]]
2023-05-16 16:05:603 INFO  ShoppingCartPage :68 - Verify the Total £74.73 [[ChromeDriver: chrome on WINDOWS (6e6bae6a534360f43f895d010343fe7a)] -> xpath: //div[@class = 'table-responsive']/table/tbody/tr/td[6]]
2023-05-16 16:05:722 INFO  HomePage :79 - Mouse hover on “Laptops & Notebooks” Tab and click [[ChromeDriver: chrome on WINDOWS (768a4595782ae7b7d428670d66558980)] -> link text: Laptops & Notebooks]
2023-05-16 16:05:136 INFO  HomePage :98 - Click on Show All LaptopAndNotebook Tab [[ChromeDriver: chrome on WINDOWS (768a4595782ae7b7d428670d66558980)] -> xpath: //a[normalize-space()='Show AllLaptops & Notebooks']]
2023-05-16 16:05:183 INFO  DesktopPage :46 - Click on sort by position [[ChromeDriver: chrome on WINDOWS (768a4595782ae7b7d428670d66558980)] -> id: input-sort]
2023-05-16 16:05:540 INFO  DesktopPage :75 - Select option product sorted by Price (High > Low)from sort by options [[ChromeDriver: chrome on WINDOWS (768a4595782ae7b7d428670d66558980)] -> id: input-sort]
2023-05-16 16:05:596 INFO  LaptopAndNotebookPage :64 - Verify Product sorted  price High to low [[[ChromeDriver: chrome on WINDOWS (768a4595782ae7b7d428670d66558980)] -> xpath: //p[@class ='price']], [[ChromeDriver: chrome on WINDOWS (768a4595782ae7b7d428670d66558980)] -> xpath: //p[@class ='price']], [[ChromeDriver: chrome on WINDOWS (768a4595782ae7b7d428670d66558980)] -> xpath: //p[@class ='price']], [[ChromeDriver: chrome on WINDOWS (768a4595782ae7b7d428670d66558980)] -> xpath: //p[@class ='price']], [[ChromeDriver: chrome on WINDOWS (768a4595782ae7b7d428670d66558980)] -> xpath: //p[@class ='price']]]
2023-05-16 16:05:626 INFO  LaptopAndNotebookPage :64 - Verify Product sorted  price High to low [[[ChromeDriver: chrome on WINDOWS (768a4595782ae7b7d428670d66558980)] -> xpath: //p[@class ='price']], [[ChromeDriver: chrome on WINDOWS (768a4595782ae7b7d428670d66558980)] -> xpath: //p[@class ='price']], [[ChromeDriver: chrome on WINDOWS (768a4595782ae7b7d428670d66558980)] -> xpath: //p[@class ='price']], [[ChromeDriver: chrome on WINDOWS (768a4595782ae7b7d428670d66558980)] -> xpath: //p[@class ='price']], [[ChromeDriver: chrome on WINDOWS (768a4595782ae7b7d428670d66558980)] -> xpath: //p[@class ='price']]]
2023-05-16 16:05:802 INFO  HomePage :79 - Mouse hover on “Laptops & Notebooks” Tab and click [[ChromeDriver: chrome on WINDOWS (7f4108e2c6118811d0a1fe3da39fe65d)] -> link text: Laptops & Notebooks]
2023-05-16 16:05:121 INFO  HomePage :98 - Click on Show All LaptopAndNotebook Tab [[ChromeDriver: chrome on WINDOWS (7f4108e2c6118811d0a1fe3da39fe65d)] -> xpath: //a[normalize-space()='Show AllLaptops & Notebooks']]
2023-05-16 16:05:158 INFO  HomePage :104 - Clicking on Currency on top of page [[ChromeDriver: chrome on WINDOWS (7f4108e2c6118811d0a1fe3da39fe65d)] -> xpath: //span[normalize-space()='Currency']]
2023-05-16 16:05:670 INFO  HomePage :112 - Select £Pound Sterling from currency drop down list [[[ChromeDriver: chrome on WINDOWS (7f4108e2c6118811d0a1fe3da39fe65d)] -> xpath: //ul[@class = 'dropdown-menu']/li], [[ChromeDriver: chrome on WINDOWS (7f4108e2c6118811d0a1fe3da39fe65d)] -> xpath: //ul[@class = 'dropdown-menu']/li], [[ChromeDriver: chrome on WINDOWS (7f4108e2c6118811d0a1fe3da39fe65d)] -> xpath: //ul[@class = 'dropdown-menu']/li]]
2023-05-16 16:05:12 INFO  DesktopPage :75 - Select option product sorted by Price (High > Low)from sort by options [[ChromeDriver: chrome on WINDOWS (7f4108e2c6118811d0a1fe3da39fe65d)] -> id: input-sort]
2023-05-16 16:05:783 INFO  LaptopAndNotebookPage :81 - Select Macbook[[ChromeDriver: chrome on WINDOWS (7f4108e2c6118811d0a1fe3da39fe65d)] -> link text: MacBook]
2023-05-16 16:05:799 INFO  ProductPage :102 - Verify text MacBook [[ChromeDriver: chrome on WINDOWS (7f4108e2c6118811d0a1fe3da39fe65d)] -> xpath: //h1[contains(text(),'MacBook')]]
2023-05-16 16:05:467 INFO  ProductPage :88 - Clicking on Login Button [[ChromeDriver: chrome on WINDOWS (7f4108e2c6118811d0a1fe3da39fe65d)] -> xpath: //button[@id='button-cart']]
2023-05-16 16:05:08 INFO  ProductPage :92 - Verify the Message “Success: You have added HP LP3065 to your shopping cart!” [[ChromeDriver: chrome on WINDOWS (7f4108e2c6118811d0a1fe3da39fe65d)] -> xpath: //div[@class='alert alert-success alert-dismissible']]
2023-05-16 16:05:935 INFO  ProductPage :98 - Click on link “shopping cart” display into success message [[ChromeDriver: chrome on WINDOWS (7f4108e2c6118811d0a1fe3da39fe65d)] -> xpath: //a[contains(text(),'shopping cart')]]
2023-05-16 16:05:948 INFO  ShoppingCartPage :48 -  Verify the text Shopping Cart [[ChromeDriver: chrome on WINDOWS (7f4108e2c6118811d0a1fe3da39fe65d)] -> xpath: //div[@id='content']//h1]
2023-05-16 16:05:972 INFO  ShoppingCartPage :53 - Verify the Product name HP LP3065 [[ChromeDriver: chrome on WINDOWS (7f4108e2c6118811d0a1fe3da39fe65d)] -> xpath: //div[@class = 'table-responsive']/table/tbody/tr/td[2]/a]
2023-05-16 16:05:57 INFO  ShoppingCartPage :75 - Change Quantity 2 to quantity field [[ChromeDriver: chrome on WINDOWS (7f4108e2c6118811d0a1fe3da39fe65d)] -> xpath: //div[@class='input-group btn-block']/input[@type='text']]
2023-05-16 16:05:563 INFO  ShoppingCartPage :80 -  Click on “Update” Tab [[ChromeDriver: chrome on WINDOWS (7f4108e2c6118811d0a1fe3da39fe65d)] -> xpath: //i[@class = 'fa fa-refresh']]
2023-05-16 16:05:577 INFO  ShoppingCartPage :84 - Getting welcome back text [[ChromeDriver: chrome on WINDOWS (7f4108e2c6118811d0a1fe3da39fe65d)] -> xpath: //div[@id='checkout-cart']/div[1]]
2023-05-16 16:05:613 INFO  ShoppingCartPage :68 - Verify the Total £74.73 [[ChromeDriver: chrome on WINDOWS (7f4108e2c6118811d0a1fe3da39fe65d)] -> xpath: //div[@class = 'table-responsive']/table/tbody/tr/td[6]]
2023-05-16 16:05:966 INFO  ShoppingCartPage :90 - Click on “Checkout” button [[ChromeDriver: chrome on WINDOWS (7f4108e2c6118811d0a1fe3da39fe65d)] -> css selector: a.btn.btn-primary]
2023-05-16 16:05:983 INFO  CheckoutPage :77 - Verify the text “Checkout” [[ChromeDriver: chrome on WINDOWS (7f4108e2c6118811d0a1fe3da39fe65d)] -> xpath: //div[@id='content']/h1]
2023-05-16 16:05:524 INFO  CheckoutPage :83 - Verify the Text “New Customer” [[ChromeDriver: chrome on WINDOWS (7f4108e2c6118811d0a1fe3da39fe65d)] -> xpath: //h2[contains(text(),'New Customer')]]
2023-05-16 16:05:97 INFO  CheckoutPage :90 - Click on “Guest Checkout” radio button [[ChromeDriver: chrome on WINDOWS (7f4108e2c6118811d0a1fe3da39fe65d)] -> xpath: //input[@value='guest']]
2023-05-16 16:05:168 INFO  CheckoutPage :96 - Click on “Continue” tab [[ChromeDriver: chrome on WINDOWS (7f4108e2c6118811d0a1fe3da39fe65d)] -> xpath: //input[@id='button-account']]
2023-05-16 16:05:471 INFO  CheckoutPage :102 - Enter firstname Mehek to firstname field [[ChromeDriver: chrome on WINDOWS (7f4108e2c6118811d0a1fe3da39fe65d)] -> id: input-payment-firstname]
2023-05-16 16:05:568 INFO  CheckoutPage :108 - Enter lastname Thakur to lastname field [[ChromeDriver: chrome on WINDOWS (7f4108e2c6118811d0a1fe3da39fe65d)] -> id: input-payment-lastname]
2023-05-16 16:05:708 INFO  CheckoutPage :114 - Enter email mehek to email field [[ChromeDriver: chrome on WINDOWS (7f4108e2c6118811d0a1fe3da39fe65d)] -> id: input-payment-email]
2023-05-16 16:05:806 INFO  CheckoutPage :120 - Enter phoneNumber 07777777000 to phoneNumber field [[ChromeDriver: chrome on WINDOWS (7f4108e2c6118811d0a1fe3da39fe65d)] -> id: input-payment-telephone]
2023-05-16 16:05:907 INFO  CheckoutPage :126 - Enter address Line 1 10 keats court to address field [[ChromeDriver: chrome on WINDOWS (7f4108e2c6118811d0a1fe3da39fe65d)] -> id: input-payment-address-1]
2023-05-16 16:05:990 INFO  CheckoutPage :132 - Enter city London to city field [[ChromeDriver: chrome on WINDOWS (7f4108e2c6118811d0a1fe3da39fe65d)] -> id: input-payment-city]
2023-05-16 16:05:71 INFO  CheckoutPage :138 - Enter postcode HA0 3NZ to postcode field [[ChromeDriver: chrome on WINDOWS (7f4108e2c6118811d0a1fe3da39fe65d)] -> id: input-payment-postcode]
2023-05-16 16:05:121 INFO  CheckoutPage :144 - Select country United Kingdom to country field [[ChromeDriver: chrome on WINDOWS (7f4108e2c6118811d0a1fe3da39fe65d)] -> id: input-payment-country]
2023-05-16 16:05:221 INFO  CheckoutPage :151 - Select state Greater London to state field [[ChromeDriver: chrome on WINDOWS (7f4108e2c6118811d0a1fe3da39fe65d)] -> id: input-payment-zone]
2023-05-16 16:05:275 INFO  CheckoutPage :157 -  Click on continue button [[ChromeDriver: chrome on WINDOWS (7f4108e2c6118811d0a1fe3da39fe65d)] -> id: button-guest]
2023-05-16 16:05:838 INFO  CheckoutPage :163 - Enter comments Nothing to Say! in to text area [[ChromeDriver: chrome on WINDOWS (7f4108e2c6118811d0a1fe3da39fe65d)] -> xpath: //textarea[@name='comment']]
2023-05-16 16:05:944 INFO  CheckoutPage :169 -  Check the Terms & Conditions check box [[ChromeDriver: chrome on WINDOWS (7f4108e2c6118811d0a1fe3da39fe65d)] -> xpath: //body/div[@id='checkout-checkout']/div[1]/div[1]/div[1]/div[3]/div[2]/div[1]/div[2]/div[1]/input[1]]
2023-05-16 16:05:60 INFO  CheckoutPage :175 - Click on “Continue” button [[ChromeDriver: chrome on WINDOWS (7f4108e2c6118811d0a1fe3da39fe65d)] -> id: button-payment-method]
2023-05-16 16:05:88 INFO  CheckoutPage :180 - Verify the message “Warning: Payment method required!” [[ChromeDriver: chrome on WINDOWS (7f4108e2c6118811d0a1fe3da39fe65d)] -> xpath: //div[@class='alert alert-danger alert-dismissible']]
2023-05-16 16:05:977 INFO  HomePage :131 - Click on my account link :[[ChromeDriver: chrome on WINDOWS (42a963489475b80efc2fbb94df82f754)] -> xpath: //span[contains(text(),'My Account')]]
2023-05-16 16:05:340 INFO  HomePage :127 - Select Login from myAccount drop down list [[[ChromeDriver: chrome on WINDOWS (42a963489475b80efc2fbb94df82f754)] -> xpath: //ul[@class='dropdown-menu dropdown-menu-right']/li], [[ChromeDriver: chrome on WINDOWS (42a963489475b80efc2fbb94df82f754)] -> xpath: //ul[@class='dropdown-menu dropdown-menu-right']/li]]
2023-05-16 16:05:351 INFO  LoginPage :37 - Verify the text “Returning Customer” [[ChromeDriver: chrome on WINDOWS (42a963489475b80efc2fbb94df82f754)] -> xpath: //h2[contains(text(),'Returning Customer')]]
2023-05-16 16:05:335 INFO  HomePage :131 - Click on my account link :[[ChromeDriver: chrome on WINDOWS (a992f5a2ccad86521ea9c64dea33d4d6)] -> xpath: //span[contains(text(),'My Account')]]
2023-05-16 16:05:692 INFO  HomePage :127 - Select Login from myAccount drop down list [[[ChromeDriver: chrome on WINDOWS (a992f5a2ccad86521ea9c64dea33d4d6)] -> xpath: //ul[@class='dropdown-menu dropdown-menu-right']/li], [[ChromeDriver: chrome on WINDOWS (a992f5a2ccad86521ea9c64dea33d4d6)] -> xpath: //ul[@class='dropdown-menu dropdown-menu-right']/li]]
2023-05-16 16:05:780 INFO  LoginPage :44 - Enter email prime123@gmail.comto email field [[ChromeDriver: chrome on WINDOWS (a992f5a2ccad86521ea9c64dea33d4d6)] -> id: input-email]
2023-05-16 16:05:835 INFO  LoginPage :50 - Enter password Prime123to password field [[ChromeDriver: chrome on WINDOWS (a992f5a2ccad86521ea9c64dea33d4d6)] -> id: input-password]
2023-05-16 16:05:392 INFO  LoginPage :56 - Clicking on Login Button [[ChromeDriver: chrome on WINDOWS (a992f5a2ccad86521ea9c64dea33d4d6)] -> xpath: //input[@value='Login']]
2023-05-16 16:05:404 INFO  LoginPage :62 - Verify text “My Account” [[ChromeDriver: chrome on WINDOWS (a992f5a2ccad86521ea9c64dea33d4d6)] -> xpath: //h2[text()='My Account']]
2023-05-16 16:05:318 INFO  HomePage :131 - Click on my account link :[[ChromeDriver: chrome on WINDOWS (51a2f951257f0f21b55e9ce0742c84de)] -> xpath: //span[contains(text(),'My Account')]]
2023-05-16 16:05:694 INFO  HomePage :127 - Select Register from myAccount drop down list [[[ChromeDriver: chrome on WINDOWS (51a2f951257f0f21b55e9ce0742c84de)] -> xpath: //ul[@class='dropdown-menu dropdown-menu-right']/li], [[ChromeDriver: chrome on WINDOWS (51a2f951257f0f21b55e9ce0742c84de)] -> xpath: //ul[@class='dropdown-menu dropdown-menu-right']/li]]
2023-05-16 16:05:705 INFO  RegisterPage :59 - Verify the text “Register Account”. [[ChromeDriver: chrome on WINDOWS (51a2f951257f0f21b55e9ce0742c84de)] -> xpath: //h1[contains(text(),'Register Account')]]
2023-05-16 16:05:278 INFO  HomePage :131 - Click on my account link :[[ChromeDriver: chrome on WINDOWS (1e976c9c30b5b651e2af4fefa8ca62c6)] -> xpath: //span[contains(text(),'My Account')]]
2023-05-16 16:05:842 INFO  HomePage :127 - Select Register from myAccount drop down list [[[ChromeDriver: chrome on WINDOWS (1e976c9c30b5b651e2af4fefa8ca62c6)] -> xpath: //ul[@class='dropdown-menu dropdown-menu-right']/li], [[ChromeDriver: chrome on WINDOWS (1e976c9c30b5b651e2af4fefa8ca62c6)] -> xpath: //ul[@class='dropdown-menu dropdown-menu-right']/li]]
2023-05-16 16:05:902 INFO  RegisterPage :65 - Enter Firstname Mehek to Firstname field [[ChromeDriver: chrome on WINDOWS (1e976c9c30b5b651e2af4fefa8ca62c6)] -> id: input-firstname]
2023-05-16 16:05:953 INFO  RegisterPage :70 - Enter Lastname Thakur to Lastname field [[ChromeDriver: chrome on WINDOWS (1e976c9c30b5b651e2af4fefa8ca62c6)] -> id: input-lastname]
2023-05-16 16:05:29 INFO  RegisterPage :75 - Enter email MehekT5wRo@gmail.com to email field [[ChromeDriver: chrome on WINDOWS (1e976c9c30b5b651e2af4fefa8ca62c6)] -> id: input-email]
2023-05-16 16:05:86 INFO  RegisterPage :80 - Enter Telephone 01234567890 to Telephone field [[ChromeDriver: chrome on WINDOWS (1e976c9c30b5b651e2af4fefa8ca62c6)] -> id: input-telephone]
2023-05-16 16:05:131 INFO  RegisterPage :85 - Enter Password Mv123456 to Password field [[ChromeDriver: chrome on WINDOWS (1e976c9c30b5b651e2af4fefa8ca62c6)] -> id: input-password]
2023-05-16 16:05:170 INFO  RegisterPage :90 - Enter ConfirmPassword Mv123456 to ConfirmPassword field [[ChromeDriver: chrome on WINDOWS (1e976c9c30b5b651e2af4fefa8ca62c6)] -> id: input-confirm]
2023-05-16 16:05:189 INFO  RegisterPage :102 - Select Subscribe Yes radio button [[[ChromeDriver: chrome on WINDOWS (1e976c9c30b5b651e2af4fefa8ca62c6)] -> xpath: //fieldset[3]//input], [[ChromeDriver: chrome on WINDOWS (1e976c9c30b5b651e2af4fefa8ca62c6)] -> xpath: //fieldset[3]//input]]
2023-05-16 16:05:224 INFO  RegisterPage :107 - Click on Privacy Policy check box [[ChromeDriver: chrome on WINDOWS (1e976c9c30b5b651e2af4fefa8ca62c6)] -> xpath: //input[@name='agree']]
2023-05-16 16:05:274 INFO  RegisterPage :112 - Clicking on Continue Button [[ChromeDriver: chrome on WINDOWS (1e976c9c30b5b651e2af4fefa8ca62c6)] -> xpath: //input[@type='submit']]
2023-05-16 16:05:285 INFO  RegisterPage :116 - Verify the message “Your Account Has Been Created!” [[ChromeDriver: chrome on WINDOWS (1e976c9c30b5b651e2af4fefa8ca62c6)] -> xpath: //h1[text()='Your Account Has Been Created!']]
2023-05-16 16:05:903 INFO  HomePage :73 - Mouse hover on “Desktops” Tab and click [[ChromeDriver: chrome on WINDOWS (86bb9e8e6c15f83e05c77ab480cd2eaf)] -> link text: Desktops]
2023-05-16 16:05:917 INFO  HomePage :67 - Click Show All Desktops from homepage Top menu  []
2023-05-16 16:05:927 INFO  DesktopPage :40 - Verify the text ‘Desktops’[[ChromeDriver: chrome on WINDOWS (86bb9e8e6c15f83e05c77ab480cd2eaf)] -> xpath: //h2[contains(text(),'Desktops')]]
2023-05-16 16:05:595 INFO  HomePage :79 - Mouse hover on “Laptops & Notebooks” Tab and click [[ChromeDriver: chrome on WINDOWS (1d9ef032b872f9561d00de746a15f095)] -> link text: Laptops & Notebooks]
2023-05-16 16:05:631 INFO  HomePage :67 - Click Show All Laptops & Notebooks from homepage Top menu  []
2023-05-16 16:05:647 INFO  LaptopAndNotebookPage :40 - Verify the text ‘Laptops & Notebooks’ [[ChromeDriver: chrome on WINDOWS (1d9ef032b872f9561d00de746a15f095)] -> xpath: //h2[contains(text(),'Laptops & Notebooks')]]
2023-05-16 16:05:217 INFO  HomePage :85 -  Mouse hover on “Components” Tab and click [[ChromeDriver: chrome on WINDOWS (d997aa5fdfd11f29888f923b7c05d001)] -> link text: Components]
2023-05-16 16:05:231 INFO  HomePage :67 - Click Show All Components from homepage Top menu  []
2023-05-16 16:05:247 INFO  ComponentsPage :22 - Verify the text ‘Components’ [[ChromeDriver: chrome on WINDOWS (d997aa5fdfd11f29888f923b7c05d001)] -> xpath: //h2[contains(text(),'Components')]]
2023-05-16 16:05:570 INFO  HomePage :73 - Mouse hover on “Desktops” Tab and click [[ChromeDriver: chrome on WINDOWS (0f4edf9e4400272b4f81b34251a58e6e)] -> link text: Desktops]
2023-05-16 16:05:905 INFO  HomePage :92 - Click on Show All Desktop tab [[ChromeDriver: chrome on WINDOWS (0f4edf9e4400272b4f81b34251a58e6e)] -> xpath: //a[normalize-space()='Show AllDesktops']]
2023-05-16 16:05:964 INFO  DesktopPage :46 - Click on sort by position [[ChromeDriver: chrome on WINDOWS (0f4edf9e4400272b4f81b34251a58e6e)] -> id: input-sort]
2023-05-16 16:05:347 INFO  DesktopPage :75 - Select option product sorted by Name (Z - A)from sort by options [[ChromeDriver: chrome on WINDOWS (0f4edf9e4400272b4f81b34251a58e6e)] -> id: input-sort]
2023-05-16 16:05:335 INFO  HomePage :73 - Mouse hover on “Desktops” Tab and click [[ChromeDriver: chrome on WINDOWS (bcc68996d005466e49f249d7c6b8b897)] -> link text: Desktops]
2023-05-16 16:05:682 INFO  HomePage :92 - Click on Show All Desktop tab [[ChromeDriver: chrome on WINDOWS (bcc68996d005466e49f249d7c6b8b897)] -> xpath: //a[normalize-space()='Show AllDesktops']]
2023-05-16 16:05:719 INFO  HomePage :104 - Clicking on Currency on top of page [[ChromeDriver: chrome on WINDOWS (bcc68996d005466e49f249d7c6b8b897)] -> xpath: //span[normalize-space()='Currency']]
2023-05-16 16:05:250 INFO  HomePage :112 - Select £Pound Sterling from currency drop down list [[[ChromeDriver: chrome on WINDOWS (bcc68996d005466e49f249d7c6b8b897)] -> xpath: //ul[@class = 'dropdown-menu']/li], [[ChromeDriver: chrome on WINDOWS (bcc68996d005466e49f249d7c6b8b897)] -> xpath: //ul[@class = 'dropdown-menu']/li], [[ChromeDriver: chrome on WINDOWS (bcc68996d005466e49f249d7c6b8b897)] -> xpath: //ul[@class = 'dropdown-menu']/li]]
2023-05-16 16:05:618 INFO  DesktopPage :75 - Select option product sorted by Name (A - Z)from sort by options [[ChromeDriver: chrome on WINDOWS (bcc68996d005466e49f249d7c6b8b897)] -> id: input-sort]
2023-05-16 16:05:743 INFO  DesktopPage :80 - Clicking on HP LP3065 [[ChromeDriver: chrome on WINDOWS (bcc68996d005466e49f249d7c6b8b897)] -> xpath: //a[contains(text(),'HP LP3065')]]
2023-05-16 16:05:752 INFO  ProductPage :53 - Verify the Text "HP LP3065" [[ChromeDriver: chrome on WINDOWS (bcc68996d005466e49f249d7c6b8b897)] -> xpath: //a[contains(text(),'HP LP3065')]]
2023-05-16 16:05:806 INFO  ProductPage :59 - Select 2022November30 to date field [[ChromeDriver: chrome on WINDOWS (bcc68996d005466e49f249d7c6b8b897)] -> xpath: //div[@class = 'input-group date']//button]
2023-05-16 16:05:995 INFO  ProductPage :83 - Enter Qty 1 to quantity field [[ChromeDriver: chrome on WINDOWS (bcc68996d005466e49f249d7c6b8b897)] -> xpath: //input[@id='input-quantity']]
2023-05-16 16:05:685 INFO  ProductPage :88 - Clicking on Login Button [[ChromeDriver: chrome on WINDOWS (bcc68996d005466e49f249d7c6b8b897)] -> xpath: //button[@id='button-cart']]
2023-05-16 16:05:218 INFO  ProductPage :92 - Verify the Message “Success: You have added HP LP3065 to your shopping cart!” [[ChromeDriver: chrome on WINDOWS (bcc68996d005466e49f249d7c6b8b897)] -> xpath: //div[@class='alert alert-success alert-dismissible']]
2023-05-16 16:05:351 INFO  ProductPage :98 - Click on link “shopping cart” display into success message [[ChromeDriver: chrome on WINDOWS (bcc68996d005466e49f249d7c6b8b897)] -> xpath: //a[contains(text(),'shopping cart')]]
2023-05-16 16:05:372 INFO  ShoppingCartPage :48 -  Verify the text Shopping Cart [[ChromeDriver: chrome on WINDOWS (bcc68996d005466e49f249d7c6b8b897)] -> xpath: //div[@id='content']//h1]
2023-05-16 16:05:412 INFO  ShoppingCartPage :53 - Verify the Product name HP LP3065 [[ChromeDriver: chrome on WINDOWS (bcc68996d005466e49f249d7c6b8b897)] -> xpath: //div[@class = 'table-responsive']/table/tbody/tr/td[2]/a]
2023-05-16 16:05:442 INFO  ShoppingCartPage :58 - Verify the Delivery Date 2022-11-30 [[ChromeDriver: chrome on WINDOWS (bcc68996d005466e49f249d7c6b8b897)] -> xpath: //div[@class = 'table-responsive']/table/tbody/tr/td[2]/small[1]]
2023-05-16 16:05:480 INFO  ShoppingCartPage :63 - Verify the Model Product21 [[ChromeDriver: chrome on WINDOWS (bcc68996d005466e49f249d7c6b8b897)] -> xpath: //div[@class = 'table-responsive']/table/tbody/tr/td[3]]
2023-05-16 16:05:522 INFO  ShoppingCartPage :68 - Verify the Total £74.73 [[ChromeDriver: chrome on WINDOWS (bcc68996d005466e49f249d7c6b8b897)] -> xpath: //div[@class = 'table-responsive']/table/tbody/tr/td[6]]
2023-05-16 16:05:184 INFO  HomePage :79 - Mouse hover on “Laptops & Notebooks” Tab and click [[ChromeDriver: chrome on WINDOWS (24dd7061de5f2c33561fdb91a9d1381e)] -> link text: Laptops & Notebooks]
2023-05-16 16:05:557 INFO  HomePage :98 - Click on Show All LaptopAndNotebook Tab [[ChromeDriver: chrome on WINDOWS (24dd7061de5f2c33561fdb91a9d1381e)] -> xpath: //a[normalize-space()='Show AllLaptops & Notebooks']]
2023-05-16 16:05:604 INFO  DesktopPage :46 - Click on sort by position [[ChromeDriver: chrome on WINDOWS (24dd7061de5f2c33561fdb91a9d1381e)] -> id: input-sort]
2023-05-16 16:05:10 INFO  DesktopPage :75 - Select option product sorted by Price (High > Low)from sort by options [[ChromeDriver: chrome on WINDOWS (24dd7061de5f2c33561fdb91a9d1381e)] -> id: input-sort]
2023-05-16 16:05:68 INFO  LaptopAndNotebookPage :64 - Verify Product sorted  price High to low [[[ChromeDriver: chrome on WINDOWS (24dd7061de5f2c33561fdb91a9d1381e)] -> xpath: //p[@class ='price']], [[ChromeDriver: chrome on WINDOWS (24dd7061de5f2c33561fdb91a9d1381e)] -> xpath: //p[@class ='price']], [[ChromeDriver: chrome on WINDOWS (24dd7061de5f2c33561fdb91a9d1381e)] -> xpath: //p[@class ='price']], [[ChromeDriver: chrome on WINDOWS (24dd7061de5f2c33561fdb91a9d1381e)] -> xpath: //p[@class ='price']], [[ChromeDriver: chrome on WINDOWS (24dd7061de5f2c33561fdb91a9d1381e)] -> xpath: //p[@class ='price']]]
2023-05-16 16:05:106 INFO  LaptopAndNotebookPage :64 - Verify Product sorted  price High to low [[[ChromeDriver: chrome on WINDOWS (24dd7061de5f2c33561fdb91a9d1381e)] -> xpath: //p[@class ='price']], [[ChromeDriver: chrome on WINDOWS (24dd7061de5f2c33561fdb91a9d1381e)] -> xpath: //p[@class ='price']], [[ChromeDriver: chrome on WINDOWS (24dd7061de5f2c33561fdb91a9d1381e)] -> xpath: //p[@class ='price']], [[ChromeDriver: chrome on WINDOWS (24dd7061de5f2c33561fdb91a9d1381e)] -> xpath: //p[@class ='price']], [[ChromeDriver: chrome on WINDOWS (24dd7061de5f2c33561fdb91a9d1381e)] -> xpath: //p[@class ='price']]]
2023-05-16 16:05:523 INFO  HomePage :79 - Mouse hover on “Laptops & Notebooks” Tab and click [[ChromeDriver: chrome on WINDOWS (6376b6bf04edef07df1217a75ff8c744)] -> link text: Laptops & Notebooks]
2023-05-16 16:05:930 INFO  HomePage :98 - Click on Show All LaptopAndNotebook Tab [[ChromeDriver: chrome on WINDOWS (6376b6bf04edef07df1217a75ff8c744)] -> xpath: //a[normalize-space()='Show AllLaptops & Notebooks']]
2023-05-16 16:05:964 INFO  HomePage :104 - Clicking on Currency on top of page [[ChromeDriver: chrome on WINDOWS (6376b6bf04edef07df1217a75ff8c744)] -> xpath: //span[normalize-space()='Currency']]
2023-05-16 16:05:632 INFO  HomePage :112 - Select £Pound Sterling from currency drop down list [[[ChromeDriver: chrome on WINDOWS (6376b6bf04edef07df1217a75ff8c744)] -> xpath: //ul[@class = 'dropdown-menu']/li], [[ChromeDriver: chrome on WINDOWS (6376b6bf04edef07df1217a75ff8c744)] -> xpath: //ul[@class = 'dropdown-menu']/li], [[ChromeDriver: chrome on WINDOWS (6376b6bf04edef07df1217a75ff8c744)] -> xpath: //ul[@class = 'dropdown-menu']/li]]
2023-05-16 16:05:51 INFO  DesktopPage :75 - Select option product sorted by Price (High > Low)from sort by options [[ChromeDriver: chrome on WINDOWS (6376b6bf04edef07df1217a75ff8c744)] -> id: input-sort]
2023-05-16 16:05:685 INFO  LaptopAndNotebookPage :81 - Select Macbook[[ChromeDriver: chrome on WINDOWS (6376b6bf04edef07df1217a75ff8c744)] -> link text: MacBook]
2023-05-16 16:05:695 INFO  ProductPage :102 - Verify text MacBook [[ChromeDriver: chrome on WINDOWS (6376b6bf04edef07df1217a75ff8c744)] -> xpath: //h1[contains(text(),'MacBook')]]
2023-05-16 16:05:365 INFO  ProductPage :88 - Clicking on Login Button [[ChromeDriver: chrome on WINDOWS (6376b6bf04edef07df1217a75ff8c744)] -> xpath: //button[@id='button-cart']]
2023-05-16 16:05:930 INFO  ProductPage :92 - Verify the Message “Success: You have added HP LP3065 to your shopping cart!” Proxy element for: DefaultElementLocator 'By.xpath: //div[@class='alert alert-success alert-dismissible']'
2023-05-16 16:05:773 INFO  ProductPage :98 - Click on link “shopping cart” display into success message [[ChromeDriver: chrome on WINDOWS (6376b6bf04edef07df1217a75ff8c744)] -> xpath: //a[contains(text(),'shopping cart')]]
2023-05-16 16:05:785 INFO  ShoppingCartPage :48 -  Verify the text Shopping Cart [[ChromeDriver: chrome on WINDOWS (6376b6bf04edef07df1217a75ff8c744)] -> xpath: //div[@id='content']//h1]
2023-05-16 16:05:805 INFO  ShoppingCartPage :53 - Verify the Product name HP LP3065 [[ChromeDriver: chrome on WINDOWS (6376b6bf04edef07df1217a75ff8c744)] -> xpath: //div[@class = 'table-responsive']/table/tbody/tr/td[2]/a]
2023-05-16 16:05:906 INFO  ShoppingCartPage :75 - Change Quantity 2 to quantity field [[ChromeDriver: chrome on WINDOWS (6376b6bf04edef07df1217a75ff8c744)] -> xpath: //div[@class='input-group btn-block']/input[@type='text']]
2023-05-16 16:05:561 INFO  ShoppingCartPage :80 -  Click on “Update” Tab [[ChromeDriver: chrome on WINDOWS (6376b6bf04edef07df1217a75ff8c744)] -> xpath: //i[@class = 'fa fa-refresh']]
2023-05-16 16:05:574 INFO  ShoppingCartPage :84 - Getting welcome back text [[ChromeDriver: chrome on WINDOWS (6376b6bf04edef07df1217a75ff8c744)] -> xpath: //div[@id='checkout-cart']/div[1]]
2023-05-16 16:05:590 INFO  ShoppingCartPage :68 - Verify the Total £74.73 [[ChromeDriver: chrome on WINDOWS (6376b6bf04edef07df1217a75ff8c744)] -> xpath: //div[@class = 'table-responsive']/table/tbody/tr/td[6]]
2023-05-16 16:05:999 INFO  ShoppingCartPage :90 - Click on “Checkout” button [[ChromeDriver: chrome on WINDOWS (6376b6bf04edef07df1217a75ff8c744)] -> css selector: a.btn.btn-primary]
2023-05-16 16:05:10 INFO  CheckoutPage :77 - Verify the text “Checkout” [[ChromeDriver: chrome on WINDOWS (6376b6bf04edef07df1217a75ff8c744)] -> xpath: //div[@id='content']/h1]
2023-05-16 16:05:538 INFO  CheckoutPage :83 - Verify the Text “New Customer” [[ChromeDriver: chrome on WINDOWS (6376b6bf04edef07df1217a75ff8c744)] -> xpath: //h2[contains(text(),'New Customer')]]
2023-05-16 16:05:100 INFO  CheckoutPage :90 - Click on “Guest Checkout” radio button [[ChromeDriver: chrome on WINDOWS (6376b6bf04edef07df1217a75ff8c744)] -> xpath: //input[@value='guest']]
2023-05-16 16:05:137 INFO  CheckoutPage :96 - Click on “Continue” tab [[ChromeDriver: chrome on WINDOWS (6376b6bf04edef07df1217a75ff8c744)] -> xpath: //input[@id='button-account']]
2023-05-16 16:05:588 INFO  CheckoutPage :102 - Enter firstname Mehek to firstname field [[ChromeDriver: chrome on WINDOWS (6376b6bf04edef07df1217a75ff8c744)] -> id: input-payment-firstname]
2023-05-16 16:05:654 INFO  CheckoutPage :108 - Enter lastname Thakur to lastname field [[ChromeDriver: chrome on WINDOWS (6376b6bf04edef07df1217a75ff8c744)] -> id: input-payment-lastname]
2023-05-16 16:05:789 INFO  CheckoutPage :114 - Enter email mehek to email field [[ChromeDriver: chrome on WINDOWS (6376b6bf04edef07df1217a75ff8c744)] -> id: input-payment-email]
2023-05-16 16:05:881 INFO  CheckoutPage :120 - Enter phoneNumber 07777777000 to phoneNumber field [[ChromeDriver: chrome on WINDOWS (6376b6bf04edef07df1217a75ff8c744)] -> id: input-payment-telephone]
2023-05-16 16:05:962 INFO  CheckoutPage :126 - Enter address Line 1 10 keats court to address field [[ChromeDriver: chrome on WINDOWS (6376b6bf04edef07df1217a75ff8c744)] -> id: input-payment-address-1]
2023-05-16 16:05:21 INFO  CheckoutPage :132 - Enter city London to city field [[ChromeDriver: chrome on WINDOWS (6376b6bf04edef07df1217a75ff8c744)] -> id: input-payment-city]
2023-05-16 16:05:91 INFO  CheckoutPage :138 - Enter postcode HA0 3NZ to postcode field [[ChromeDriver: chrome on WINDOWS (6376b6bf04edef07df1217a75ff8c744)] -> id: input-payment-postcode]
2023-05-16 16:05:138 INFO  CheckoutPage :144 - Select country United Kingdom to country field [[ChromeDriver: chrome on WINDOWS (6376b6bf04edef07df1217a75ff8c744)] -> id: input-payment-country]
2023-05-16 16:05:207 INFO  CheckoutPage :151 - Select state Greater London to state field [[ChromeDriver: chrome on WINDOWS (6376b6bf04edef07df1217a75ff8c744)] -> id: input-payment-zone]
2023-05-16 16:05:258 INFO  CheckoutPage :157 -  Click on continue button [[ChromeDriver: chrome on WINDOWS (6376b6bf04edef07df1217a75ff8c744)] -> id: button-guest]
2023-05-16 16:05:19 INFO  CheckoutPage :163 - Enter comments Nothing to Say! in to text area [[ChromeDriver: chrome on WINDOWS (6376b6bf04edef07df1217a75ff8c744)] -> xpath: //textarea[@name='comment']]
2023-05-16 16:05:63 INFO  CheckoutPage :169 -  Check the Terms & Conditions check box [[ChromeDriver: chrome on WINDOWS (6376b6bf04edef07df1217a75ff8c744)] -> xpath: //body/div[@id='checkout-checkout']/div[1]/div[1]/div[1]/div[3]/div[2]/div[1]/div[2]/div[1]/input[1]]
2023-05-16 16:05:117 INFO  CheckoutPage :175 - Click on “Continue” button [[ChromeDriver: chrome on WINDOWS (6376b6bf04edef07df1217a75ff8c744)] -> id: button-payment-method]
2023-05-16 16:05:148 INFO  CheckoutPage :180 - Verify the message “Warning: Payment method required!” [[ChromeDriver: chrome on WINDOWS (6376b6bf04edef07df1217a75ff8c744)] -> xpath: //div[@class='alert alert-danger alert-dismissible']]
2023-05-16 16:05:751 INFO  HomePage :131 - Click on my account link :[[ChromeDriver: chrome on WINDOWS (26673d1abec7aeac6ccce139f77402df)] -> xpath: //span[contains(text(),'My Account')]]
2023-05-16 16:05:128 INFO  HomePage :127 - Select Login from myAccount drop down list [[[ChromeDriver: chrome on WINDOWS (26673d1abec7aeac6ccce139f77402df)] -> xpath: //ul[@class='dropdown-menu dropdown-menu-right']/li], [[ChromeDriver: chrome on WINDOWS (26673d1abec7aeac6ccce139f77402df)] -> xpath: //ul[@class='dropdown-menu dropdown-menu-right']/li]]
2023-05-16 16:05:140 INFO  LoginPage :37 - Verify the text “Returning Customer” [[ChromeDriver: chrome on WINDOWS (26673d1abec7aeac6ccce139f77402df)] -> xpath: //h2[contains(text(),'Returning Customer')]]
2023-05-16 16:05:207 INFO  HomePage :131 - Click on my account link :[[ChromeDriver: chrome on WINDOWS (63d641212b3828fe7918c3054acc1e22)] -> xpath: //span[contains(text(),'My Account')]]
2023-05-16 16:05:540 INFO  HomePage :127 - Select Login from myAccount drop down list [[[ChromeDriver: chrome on WINDOWS (63d641212b3828fe7918c3054acc1e22)] -> xpath: //ul[@class='dropdown-menu dropdown-menu-right']/li], [[ChromeDriver: chrome on WINDOWS (63d641212b3828fe7918c3054acc1e22)] -> xpath: //ul[@class='dropdown-menu dropdown-menu-right']/li]]
2023-05-16 16:05:631 INFO  LoginPage :44 - Enter email prime123@gmail.comto email field [[ChromeDriver: chrome on WINDOWS (63d641212b3828fe7918c3054acc1e22)] -> id: input-email]
2023-05-16 16:05:666 INFO  LoginPage :50 - Enter password Prime123to password field [[ChromeDriver: chrome on WINDOWS (63d641212b3828fe7918c3054acc1e22)] -> id: input-password]
2023-05-16 16:05:186 INFO  LoginPage :56 - Clicking on Login Button [[ChromeDriver: chrome on WINDOWS (63d641212b3828fe7918c3054acc1e22)] -> xpath: //input[@value='Login']]
2023-05-16 16:05:201 INFO  LoginPage :62 - Verify text “My Account” [[ChromeDriver: chrome on WINDOWS (63d641212b3828fe7918c3054acc1e22)] -> xpath: //h2[text()='My Account']]
2023-05-16 16:05:665 INFO  HomePage :131 - Click on my account link :[[ChromeDriver: chrome on WINDOWS (4a6136374a4893d980c858e82ab72230)] -> xpath: //span[contains(text(),'My Account')]]
2023-05-16 16:05:559 INFO  HomePage :127 - Select Register from myAccount drop down list [[[ChromeDriver: chrome on WINDOWS (4a6136374a4893d980c858e82ab72230)] -> xpath: //ul[@class='dropdown-menu dropdown-menu-right']/li], [[ChromeDriver: chrome on WINDOWS (4a6136374a4893d980c858e82ab72230)] -> xpath: //ul[@class='dropdown-menu dropdown-menu-right']/li]]
2023-05-16 16:05:570 INFO  RegisterPage :59 - Verify the text “Register Account”. [[ChromeDriver: chrome on WINDOWS (4a6136374a4893d980c858e82ab72230)] -> xpath: //h1[contains(text(),'Register Account')]]
2023-05-16 16:05:741 INFO  HomePage :131 - Click on my account link :[[ChromeDriver: chrome on WINDOWS (b7604390cae5a3e2f7997576763ac65d)] -> xpath: //span[contains(text(),'My Account')]]
2023-05-16 16:05:284 INFO  HomePage :127 - Select Register from myAccount drop down list [[[ChromeDriver: chrome on WINDOWS (b7604390cae5a3e2f7997576763ac65d)] -> xpath: //ul[@class='dropdown-menu dropdown-menu-right']/li], [[ChromeDriver: chrome on WINDOWS (b7604390cae5a3e2f7997576763ac65d)] -> xpath: //ul[@class='dropdown-menu dropdown-menu-right']/li]]
2023-05-16 16:05:342 INFO  RegisterPage :65 - Enter Firstname Mehek to Firstname field [[ChromeDriver: chrome on WINDOWS (b7604390cae5a3e2f7997576763ac65d)] -> id: input-firstname]
2023-05-16 16:05:399 INFO  RegisterPage :70 - Enter Lastname Thakur to Lastname field [[ChromeDriver: chrome on WINDOWS (b7604390cae5a3e2f7997576763ac65d)] -> id: input-lastname]
2023-05-16 16:05:476 INFO  RegisterPage :75 - Enter email MehekTxNTv@gmail.com to email field [[ChromeDriver: chrome on WINDOWS (b7604390cae5a3e2f7997576763ac65d)] -> id: input-email]
2023-05-16 16:05:537 INFO  RegisterPage :80 - Enter Telephone 01234567890 to Telephone field [[ChromeDriver: chrome on WINDOWS (b7604390cae5a3e2f7997576763ac65d)] -> id: input-telephone]
2023-05-16 16:05:581 INFO  RegisterPage :85 - Enter Password Mv123456 to Password field [[ChromeDriver: chrome on WINDOWS (b7604390cae5a3e2f7997576763ac65d)] -> id: input-password]
2023-05-16 16:05:623 INFO  RegisterPage :90 - Enter ConfirmPassword Mv123456 to ConfirmPassword field [[ChromeDriver: chrome on WINDOWS (b7604390cae5a3e2f7997576763ac65d)] -> id: input-confirm]
2023-05-16 16:05:643 INFO  RegisterPage :102 - Select Subscribe Yes radio button [[[ChromeDriver: chrome on WINDOWS (b7604390cae5a3e2f7997576763ac65d)] -> xpath: //fieldset[3]//input], [[ChromeDriver: chrome on WINDOWS (b7604390cae5a3e2f7997576763ac65d)] -> xpath: //fieldset[3]//input]]
2023-05-16 16:05:677 INFO  RegisterPage :107 - Click on Privacy Policy check box [[ChromeDriver: chrome on WINDOWS (b7604390cae5a3e2f7997576763ac65d)] -> xpath: //input[@name='agree']]
2023-05-16 16:05:715 INFO  RegisterPage :112 - Clicking on Continue Button [[ChromeDriver: chrome on WINDOWS (b7604390cae5a3e2f7997576763ac65d)] -> xpath: //input[@type='submit']]
2023-05-16 16:05:752 INFO  RegisterPage :116 - Verify the message “Your Account Has Been Created!” [[ChromeDriver: chrome on WINDOWS (b7604390cae5a3e2f7997576763ac65d)] -> xpath: //h1[text()='Your Account Has Been Created!']]
2023-05-16 16:05:51 INFO  RegisterPage :122 - Clicking on Continue Button [[ChromeDriver: chrome on WINDOWS (b7604390cae5a3e2f7997576763ac65d)] -> xpath: //a[text()='Continue']]
2023-05-16 16:05:60 INFO  HomePage :131 - Click on my account link :[[ChromeDriver: chrome on WINDOWS (b7604390cae5a3e2f7997576763ac65d)] -> xpath: //span[contains(text(),'My Account')]]
2023-05-16 16:05:630 INFO  HomePage :127 - Select Logout from myAccount drop down list [[[ChromeDriver: chrome on WINDOWS (b7604390cae5a3e2f7997576763ac65d)] -> xpath: //ul[@class='dropdown-menu dropdown-menu-right']/li], [[ChromeDriver: chrome on WINDOWS (b7604390cae5a3e2f7997576763ac65d)] -> xpath: //ul[@class='dropdown-menu dropdown-menu-right']/li], [[ChromeDriver: chrome on WINDOWS (b7604390cae5a3e2f7997576763ac65d)] -> xpath: //ul[@class='dropdown-menu dropdown-menu-right']/li], [[ChromeDriver: chrome on WINDOWS (b7604390cae5a3e2f7997576763ac65d)] -> xpath: //ul[@class='dropdown-menu dropdown-menu-right']/li], [[ChromeDriver: chrome on WINDOWS (b7604390cae5a3e2f7997576763ac65d)] -> xpath: //ul[@class='dropdown-menu dropdown-menu-right']/li]]
2023-05-16 16:05:644 INFO  LogoutPage :34 - Verify text "Account Logout" [[ChromeDriver: chrome on WINDOWS (b7604390cae5a3e2f7997576763ac65d)] -> xpath: //h1[text()='Account Logout']]
2023-05-16 16:05:942 INFO  HomePage :73 - Mouse hover on “Desktops” Tab and click [[ChromeDriver: chrome on WINDOWS (abc4303c5d26df2241734466724ad075)] -> link text: Desktops]
2023-05-16 16:05:993 INFO  HomePage :67 - Click Show All Desktops from homepage Top menu  []
2023-05-16 16:05:12 INFO  DesktopPage :40 - Verify the text ‘Desktops’[[ChromeDriver: chrome on WINDOWS (abc4303c5d26df2241734466724ad075)] -> xpath: //h2[contains(text(),'Desktops')]]
2023-05-16 16:05:865 INFO  HomePage :79 - Mouse hover on “Laptops & Notebooks” Tab and click [[ChromeDriver: chrome on WINDOWS (de01e5db6d09fe3d5b9c8ace7a8e8418)] -> link text: Laptops & Notebooks]
2023-05-16 16:05:898 INFO  HomePage :67 - Click Show All Laptops & Notebooks from homepage Top menu  []
2023-05-16 16:05:913 INFO  LaptopAndNotebookPage :40 - Verify the text ‘Laptops & Notebooks’ [[ChromeDriver: chrome on WINDOWS (de01e5db6d09fe3d5b9c8ace7a8e8418)] -> xpath: //h2[contains(text(),'Laptops & Notebooks')]]
2023-05-16 16:05:739 INFO  HomePage :85 -  Mouse hover on “Components” Tab and click [[ChromeDriver: chrome on WINDOWS (616f6a721cd3fdeb09cedfa5c06df6a2)] -> link text: Components]
2023-05-16 16:05:793 INFO  HomePage :67 - Click Show All Components from homepage Top menu  []
2023-05-16 16:05:840 INFO  ComponentsPage :22 - Verify the text ‘Components’ [[ChromeDriver: chrome on WINDOWS (616f6a721cd3fdeb09cedfa5c06df6a2)] -> xpath: //h2[contains(text(),'Components')]]
2023-05-16 17:05:56 INFO  HomePage :73 - Mouse hover on “Desktops” Tab and click [[ChromeDriver: chrome on WINDOWS (d9ad3776be72606f5fa9fb09d43a2f9a)] -> link text: Desktops]
2023-05-16 17:05:429 INFO  HomePage :92 - Click on Show All Desktop tab [[ChromeDriver: chrome on WINDOWS (d9ad3776be72606f5fa9fb09d43a2f9a)] -> xpath: //a[normalize-space()='Show AllDesktops']]
2023-05-16 17:05:478 INFO  DesktopPage :46 - Click on sort by position [[ChromeDriver: chrome on WINDOWS (d9ad3776be72606f5fa9fb09d43a2f9a)] -> id: input-sort]
2023-05-16 17:05:890 INFO  DesktopPage :75 - Select option product sorted by Name (Z - A)from sort by options [[ChromeDriver: chrome on WINDOWS (d9ad3776be72606f5fa9fb09d43a2f9a)] -> id: input-sort]
2023-05-16 17:05:719 INFO  HomePage :73 - Mouse hover on “Desktops” Tab and click [[ChromeDriver: chrome on WINDOWS (c9ede099da47befad696a304ea5eddcc)] -> link text: Desktops]
2023-05-16 17:05:184 INFO  HomePage :92 - Click on Show All Desktop tab [[ChromeDriver: chrome on WINDOWS (c9ede099da47befad696a304ea5eddcc)] -> xpath: //a[normalize-space()='Show AllDesktops']]
2023-05-16 17:05:228 INFO  HomePage :104 - Clicking on Currency on top of page [[ChromeDriver: chrome on WINDOWS (c9ede099da47befad696a304ea5eddcc)] -> xpath: //span[normalize-space()='Currency']]
2023-05-16 17:05:115 INFO  HomePage :112 - Select £Pound Sterling from currency drop down list [[[ChromeDriver: chrome on WINDOWS (c9ede099da47befad696a304ea5eddcc)] -> xpath: //ul[@class = 'dropdown-menu']/li], [[ChromeDriver: chrome on WINDOWS (c9ede099da47befad696a304ea5eddcc)] -> xpath: //ul[@class = 'dropdown-menu']/li], [[ChromeDriver: chrome on WINDOWS (c9ede099da47befad696a304ea5eddcc)] -> xpath: //ul[@class = 'dropdown-menu']/li]]
2023-05-16 17:05:613 INFO  DesktopPage :75 - Select option product sorted by Name (A - Z)from sort by options [[ChromeDriver: chrome on WINDOWS (c9ede099da47befad696a304ea5eddcc)] -> id: input-sort]
2023-05-16 17:05:415 INFO  DesktopPage :80 - Clicking on HP LP3065 [[ChromeDriver: chrome on WINDOWS (c9ede099da47befad696a304ea5eddcc)] -> xpath: //a[contains(text(),'HP LP3065')]]
2023-05-16 17:05:432 INFO  ProductPage :53 - Verify the Text "HP LP3065" [[ChromeDriver: chrome on WINDOWS (c9ede099da47befad696a304ea5eddcc)] -> xpath: //a[contains(text(),'HP LP3065')]]
2023-05-16 17:05:516 INFO  ProductPage :59 - Select 2022November30 to date field [[ChromeDriver: chrome on WINDOWS (c9ede099da47befad696a304ea5eddcc)] -> xpath: //div[@class = 'input-group date']//button]
2023-05-16 17:05:255 INFO  ProductPage :83 - Enter Qty 1 to quantity field [[ChromeDriver: chrome on WINDOWS (c9ede099da47befad696a304ea5eddcc)] -> xpath: //input[@id='input-quantity']]
2023-05-16 17:05:944 INFO  ProductPage :88 - Clicking on Login Button [[ChromeDriver: chrome on WINDOWS (c9ede099da47befad696a304ea5eddcc)] -> xpath: //button[@id='button-cart']]
2023-05-16 17:05:488 INFO  ProductPage :92 - Verify the Message “Success: You have added HP LP3065 to your shopping cart!” [[ChromeDriver: chrome on WINDOWS (c9ede099da47befad696a304ea5eddcc)] -> xpath: //div[@class='alert alert-success alert-dismissible']]
2023-05-16 17:05:585 INFO  ProductPage :98 - Click on link “shopping cart” display into success message [[ChromeDriver: chrome on WINDOWS (c9ede099da47befad696a304ea5eddcc)] -> xpath: //a[contains(text(),'shopping cart')]]
2023-05-16 17:05:603 INFO  ShoppingCartPage :48 -  Verify the text Shopping Cart [[ChromeDriver: chrome on WINDOWS (c9ede099da47befad696a304ea5eddcc)] -> xpath: //div[@id='content']//h1]
2023-05-16 17:05:641 INFO  ShoppingCartPage :53 - Verify the Product name HP LP3065 [[ChromeDriver: chrome on WINDOWS (c9ede099da47befad696a304ea5eddcc)] -> xpath: //div[@class = 'table-responsive']/table/tbody/tr/td[2]/a]
2023-05-16 17:05:677 INFO  ShoppingCartPage :58 - Verify the Delivery Date 2022-11-30 [[ChromeDriver: chrome on WINDOWS (c9ede099da47befad696a304ea5eddcc)] -> xpath: //div[@class = 'table-responsive']/table/tbody/tr/td[2]/small[1]]
2023-05-16 17:05:721 INFO  ShoppingCartPage :63 - Verify the Model Product21 [[ChromeDriver: chrome on WINDOWS (c9ede099da47befad696a304ea5eddcc)] -> xpath: //div[@class = 'table-responsive']/table/tbody/tr/td[3]]
2023-05-16 17:05:763 INFO  ShoppingCartPage :68 - Verify the Total £74.73 [[ChromeDriver: chrome on WINDOWS (c9ede099da47befad696a304ea5eddcc)] -> xpath: //div[@class = 'table-responsive']/table/tbody/tr/td[6]]
2023-05-16 17:05:767 INFO  HomePage :79 - Mouse hover on “Laptops & Notebooks” Tab and click [[ChromeDriver: chrome on WINDOWS (1eb5f4ea438c1174da52033f6e56734e)] -> link text: Laptops & Notebooks]
2023-05-16 17:05:88 INFO  HomePage :98 - Click on Show All LaptopAndNotebook Tab [[ChromeDriver: chrome on WINDOWS (1eb5f4ea438c1174da52033f6e56734e)] -> xpath: //a[normalize-space()='Show AllLaptops & Notebooks']]
2023-05-16 17:05:133 INFO  DesktopPage :46 - Click on sort by position [[ChromeDriver: chrome on WINDOWS (1eb5f4ea438c1174da52033f6e56734e)] -> id: input-sort]
2023-05-16 17:05:482 INFO  DesktopPage :75 - Select option product sorted by Price (High > Low)from sort by options [[ChromeDriver: chrome on WINDOWS (1eb5f4ea438c1174da52033f6e56734e)] -> id: input-sort]
2023-05-16 17:05:557 INFO  LaptopAndNotebookPage :64 - Verify Product sorted  price High to low [[[ChromeDriver: chrome on WINDOWS (1eb5f4ea438c1174da52033f6e56734e)] -> xpath: //p[@class ='price']], [[ChromeDriver: chrome on WINDOWS (1eb5f4ea438c1174da52033f6e56734e)] -> xpath: //p[@class ='price']], [[ChromeDriver: chrome on WINDOWS (1eb5f4ea438c1174da52033f6e56734e)] -> xpath: //p[@class ='price']], [[ChromeDriver: chrome on WINDOWS (1eb5f4ea438c1174da52033f6e56734e)] -> xpath: //p[@class ='price']], [[ChromeDriver: chrome on WINDOWS (1eb5f4ea438c1174da52033f6e56734e)] -> xpath: //p[@class ='price']]]
2023-05-16 17:05:586 INFO  LaptopAndNotebookPage :64 - Verify Product sorted  price High to low [[[ChromeDriver: chrome on WINDOWS (1eb5f4ea438c1174da52033f6e56734e)] -> xpath: //p[@class ='price']], [[ChromeDriver: chrome on WINDOWS (1eb5f4ea438c1174da52033f6e56734e)] -> xpath: //p[@class ='price']], [[ChromeDriver: chrome on WINDOWS (1eb5f4ea438c1174da52033f6e56734e)] -> xpath: //p[@class ='price']], [[ChromeDriver: chrome on WINDOWS (1eb5f4ea438c1174da52033f6e56734e)] -> xpath: //p[@class ='price']], [[ChromeDriver: chrome on WINDOWS (1eb5f4ea438c1174da52033f6e56734e)] -> xpath: //p[@class ='price']]]
2023-05-16 17:05:214 INFO  HomePage :79 - Mouse hover on “Laptops & Notebooks” Tab and click [[ChromeDriver: chrome on WINDOWS (1b5e4f0349dac3af9303c8a75342a06a)] -> link text: Laptops & Notebooks]
2023-05-16 17:05:538 INFO  HomePage :98 - Click on Show All LaptopAndNotebook Tab [[ChromeDriver: chrome on WINDOWS (1b5e4f0349dac3af9303c8a75342a06a)] -> xpath: //a[normalize-space()='Show AllLaptops & Notebooks']]
2023-05-16 17:05:568 INFO  HomePage :104 - Clicking on Currency on top of page [[ChromeDriver: chrome on WINDOWS (1b5e4f0349dac3af9303c8a75342a06a)] -> xpath: //span[normalize-space()='Currency']]
2023-05-16 17:05:95 INFO  HomePage :112 - Select £Pound Sterling from currency drop down list [[[ChromeDriver: chrome on WINDOWS (1b5e4f0349dac3af9303c8a75342a06a)] -> xpath: //ul[@class = 'dropdown-menu']/li], [[ChromeDriver: chrome on WINDOWS (1b5e4f0349dac3af9303c8a75342a06a)] -> xpath: //ul[@class = 'dropdown-menu']/li], [[ChromeDriver: chrome on WINDOWS (1b5e4f0349dac3af9303c8a75342a06a)] -> xpath: //ul[@class = 'dropdown-menu']/li]]
2023-05-16 17:05:446 INFO  DesktopPage :75 - Select option product sorted by Price (High > Low)from sort by options [[ChromeDriver: chrome on WINDOWS (1b5e4f0349dac3af9303c8a75342a06a)] -> id: input-sort]
2023-05-16 17:05:425 INFO  LaptopAndNotebookPage :81 - Select Macbook[[ChromeDriver: chrome on WINDOWS (1b5e4f0349dac3af9303c8a75342a06a)] -> link text: MacBook]
2023-05-16 17:05:451 INFO  ProductPage :102 - Verify text MacBook [[ChromeDriver: chrome on WINDOWS (1b5e4f0349dac3af9303c8a75342a06a)] -> xpath: //h1[contains(text(),'MacBook')]]
2023-05-16 17:05:125 INFO  ProductPage :88 - Clicking on Login Button [[ChromeDriver: chrome on WINDOWS (1b5e4f0349dac3af9303c8a75342a06a)] -> xpath: //button[@id='button-cart']]
2023-05-16 17:05:656 INFO  ProductPage :92 - Verify the Message “Success: You have added HP LP3065 to your shopping cart!” [[ChromeDriver: chrome on WINDOWS (1b5e4f0349dac3af9303c8a75342a06a)] -> xpath: //div[@class='alert alert-success alert-dismissible']]
2023-05-16 17:05:618 INFO  ProductPage :98 - Click on link “shopping cart” display into success message [[ChromeDriver: chrome on WINDOWS (1b5e4f0349dac3af9303c8a75342a06a)] -> xpath: //a[contains(text(),'shopping cart')]]
2023-05-16 17:05:632 INFO  ShoppingCartPage :48 -  Verify the text Shopping Cart [[ChromeDriver: chrome on WINDOWS (1b5e4f0349dac3af9303c8a75342a06a)] -> xpath: //div[@id='content']//h1]
2023-05-16 17:05:670 INFO  ShoppingCartPage :53 - Verify the Product name HP LP3065 [[ChromeDriver: chrome on WINDOWS (1b5e4f0349dac3af9303c8a75342a06a)] -> xpath: //div[@class = 'table-responsive']/table/tbody/tr/td[2]/a]
2023-05-16 17:05:808 INFO  ShoppingCartPage :75 - Change Quantity 2 to quantity field [[ChromeDriver: chrome on WINDOWS (1b5e4f0349dac3af9303c8a75342a06a)] -> xpath: //div[@class='input-group btn-block']/input[@type='text']]
2023-05-16 17:05:334 INFO  ShoppingCartPage :80 -  Click on “Update” Tab [[ChromeDriver: chrome on WINDOWS (1b5e4f0349dac3af9303c8a75342a06a)] -> xpath: //i[@class = 'fa fa-refresh']]
2023-05-16 17:05:351 INFO  ShoppingCartPage :84 - Getting welcome back text [[ChromeDriver: chrome on WINDOWS (1b5e4f0349dac3af9303c8a75342a06a)] -> xpath: //div[@id='checkout-cart']/div[1]]
2023-05-16 17:05:382 INFO  ShoppingCartPage :68 - Verify the Total £74.73 [[ChromeDriver: chrome on WINDOWS (1b5e4f0349dac3af9303c8a75342a06a)] -> xpath: //div[@class = 'table-responsive']/table/tbody/tr/td[6]]
2023-05-16 17:05:748 INFO  ShoppingCartPage :90 - Click on “Checkout” button [[ChromeDriver: chrome on WINDOWS (1b5e4f0349dac3af9303c8a75342a06a)] -> css selector: a.btn.btn-primary]
2023-05-16 17:05:770 INFO  CheckoutPage :77 - Verify the text “Checkout” [[ChromeDriver: chrome on WINDOWS (1b5e4f0349dac3af9303c8a75342a06a)] -> xpath: //div[@id='content']/h1]
2023-05-16 17:05:320 INFO  CheckoutPage :83 - Verify the Text “New Customer” [[ChromeDriver: chrome on WINDOWS (1b5e4f0349dac3af9303c8a75342a06a)] -> xpath: //h2[contains(text(),'New Customer')]]
2023-05-16 17:05:939 INFO  CheckoutPage :90 - Click on “Guest Checkout” radio button [[ChromeDriver: chrome on WINDOWS (1b5e4f0349dac3af9303c8a75342a06a)] -> xpath: //input[@value='guest']]
2023-05-16 17:05:14 INFO  CheckoutPage :96 - Click on “Continue” tab [[ChromeDriver: chrome on WINDOWS (1b5e4f0349dac3af9303c8a75342a06a)] -> xpath: //input[@id='button-account']]
2023-05-16 17:05:382 INFO  CheckoutPage :102 - Enter firstname Mehek to firstname field [[ChromeDriver: chrome on WINDOWS (1b5e4f0349dac3af9303c8a75342a06a)] -> id: input-payment-firstname]
2023-05-16 17:05:466 INFO  CheckoutPage :108 - Enter lastname Thakur to lastname field [[ChromeDriver: chrome on WINDOWS (1b5e4f0349dac3af9303c8a75342a06a)] -> id: input-payment-lastname]
2023-05-16 17:05:604 INFO  CheckoutPage :114 - Enter email mehek to email field [[ChromeDriver: chrome on WINDOWS (1b5e4f0349dac3af9303c8a75342a06a)] -> id: input-payment-email]
2023-05-16 17:05:698 INFO  CheckoutPage :120 - Enter phoneNumber 07777777000 to phoneNumber field [[ChromeDriver: chrome on WINDOWS (1b5e4f0349dac3af9303c8a75342a06a)] -> id: input-payment-telephone]
2023-05-16 17:05:798 INFO  CheckoutPage :126 - Enter address Line 1 10 keats court to address field [[ChromeDriver: chrome on WINDOWS (1b5e4f0349dac3af9303c8a75342a06a)] -> id: input-payment-address-1]
2023-05-16 17:05:899 INFO  CheckoutPage :132 - Enter city London to city field [[ChromeDriver: chrome on WINDOWS (1b5e4f0349dac3af9303c8a75342a06a)] -> id: input-payment-city]
2023-05-16 17:05:986 INFO  CheckoutPage :138 - Enter postcode HA0 3NZ to postcode field [[ChromeDriver: chrome on WINDOWS (1b5e4f0349dac3af9303c8a75342a06a)] -> id: input-payment-postcode]
2023-05-16 17:05:54 INFO  CheckoutPage :144 - Select country United Kingdom to country field [[ChromeDriver: chrome on WINDOWS (1b5e4f0349dac3af9303c8a75342a06a)] -> id: input-payment-country]
2023-05-16 17:05:136 INFO  CheckoutPage :151 - Select state Greater London to state field [[ChromeDriver: chrome on WINDOWS (1b5e4f0349dac3af9303c8a75342a06a)] -> id: input-payment-zone]
2023-05-16 17:05:192 INFO  CheckoutPage :157 -  Click on continue button [[ChromeDriver: chrome on WINDOWS (1b5e4f0349dac3af9303c8a75342a06a)] -> id: button-guest]
2023-05-16 17:05:897 INFO  CheckoutPage :163 - Enter comments Nothing to Say! in to text area [[ChromeDriver: chrome on WINDOWS (1b5e4f0349dac3af9303c8a75342a06a)] -> xpath: //textarea[@name='comment']]
2023-05-16 17:05:980 INFO  CheckoutPage :169 -  Check the Terms & Conditions check box [[ChromeDriver: chrome on WINDOWS (1b5e4f0349dac3af9303c8a75342a06a)] -> xpath: //body/div[@id='checkout-checkout']/div[1]/div[1]/div[1]/div[3]/div[2]/div[1]/div[2]/div[1]/input[1]]
2023-05-16 17:05:91 INFO  CheckoutPage :175 - Click on “Continue” button [[ChromeDriver: chrome on WINDOWS (1b5e4f0349dac3af9303c8a75342a06a)] -> id: button-payment-method]
2023-05-16 17:05:120 INFO  CheckoutPage :180 - Verify the message “Warning: Payment method required!” [[ChromeDriver: chrome on WINDOWS (1b5e4f0349dac3af9303c8a75342a06a)] -> xpath: //div[@class='alert alert-danger alert-dismissible']]
2023-05-16 17:05:518 INFO  HomePage :131 - Click on my account link :[[ChromeDriver: chrome on WINDOWS (09d9b8d571ffb84e357ba9c75274ef0c)] -> xpath: //span[contains(text(),'My Account')]]
2023-05-16 17:05:93 INFO  HomePage :127 - Select Login from myAccount drop down list [[[ChromeDriver: chrome on WINDOWS (09d9b8d571ffb84e357ba9c75274ef0c)] -> xpath: //ul[@class='dropdown-menu dropdown-menu-right']/li], [[ChromeDriver: chrome on WINDOWS (09d9b8d571ffb84e357ba9c75274ef0c)] -> xpath: //ul[@class='dropdown-menu dropdown-menu-right']/li]]
2023-05-16 17:05:106 INFO  LoginPage :37 - Verify the text “Returning Customer” [[ChromeDriver: chrome on WINDOWS (09d9b8d571ffb84e357ba9c75274ef0c)] -> xpath: //h2[contains(text(),'Returning Customer')]]
2023-05-16 17:05:909 INFO  HomePage :131 - Click on my account link :[[ChromeDriver: chrome on WINDOWS (a7447863d3973ca1107819393df18093)] -> xpath: //span[contains(text(),'My Account')]]
2023-05-16 17:05:284 INFO  HomePage :127 - Select Login from myAccount drop down list [[[ChromeDriver: chrome on WINDOWS (a7447863d3973ca1107819393df18093)] -> xpath: //ul[@class='dropdown-menu dropdown-menu-right']/li], [[ChromeDriver: chrome on WINDOWS (a7447863d3973ca1107819393df18093)] -> xpath: //ul[@class='dropdown-menu dropdown-menu-right']/li]]
2023-05-16 17:05:373 INFO  LoginPage :44 - Enter email prime123@gmail.comto email field [[ChromeDriver: chrome on WINDOWS (a7447863d3973ca1107819393df18093)] -> id: input-email]
2023-05-16 17:05:422 INFO  LoginPage :50 - Enter password Prime123to password field [[ChromeDriver: chrome on WINDOWS (a7447863d3973ca1107819393df18093)] -> id: input-password]
2023-05-16 17:05:963 INFO  LoginPage :56 - Clicking on Login Button [[ChromeDriver: chrome on WINDOWS (a7447863d3973ca1107819393df18093)] -> xpath: //input[@value='Login']]
2023-05-16 17:05:975 INFO  LoginPage :62 - Verify text “My Account” [[ChromeDriver: chrome on WINDOWS (a7447863d3973ca1107819393df18093)] -> xpath: //h2[text()='My Account']]
2023-05-16 17:05:992 INFO  HomePage :131 - Click on my account link :[[ChromeDriver: chrome on WINDOWS (a7447863d3973ca1107819393df18093)] -> xpath: //span[contains(text(),'My Account')]]
2023-05-16 17:05:586 INFO  HomePage :127 - Select Logout from myAccount drop down list [[[ChromeDriver: chrome on WINDOWS (a7447863d3973ca1107819393df18093)] -> xpath: //ul[@class='dropdown-menu dropdown-menu-right']/li], [[ChromeDriver: chrome on WINDOWS (a7447863d3973ca1107819393df18093)] -> xpath: //ul[@class='dropdown-menu dropdown-menu-right']/li], [[ChromeDriver: chrome on WINDOWS (a7447863d3973ca1107819393df18093)] -> xpath: //ul[@class='dropdown-menu dropdown-menu-right']/li], [[ChromeDriver: chrome on WINDOWS (a7447863d3973ca1107819393df18093)] -> xpath: //ul[@class='dropdown-menu dropdown-menu-right']/li], [[ChromeDriver: chrome on WINDOWS (a7447863d3973ca1107819393df18093)] -> xpath: //ul[@class='dropdown-menu dropdown-menu-right']/li]]
2023-05-16 17:05:602 INFO  LogoutPage :34 - Verify text "Account Logout" [[ChromeDriver: chrome on WINDOWS (a7447863d3973ca1107819393df18093)] -> xpath: //h1[text()='Account Logout']]
2023-05-16 17:05:979 INFO  LogoutPage :40 - Clicking on Continue Button [[ChromeDriver: chrome on WINDOWS (a7447863d3973ca1107819393df18093)] -> xpath: //a[contains(text(),'Continue')]]
2023-05-16 17:05:94 INFO  HomePage :131 - Click on my account link :[[ChromeDriver: chrome on WINDOWS (541ab2b808c29c943008cc48a45f7f9d)] -> xpath: //span[contains(text(),'My Account')]]
2023-05-16 17:05:656 INFO  HomePage :127 - Select Register from myAccount drop down list [[[ChromeDriver: chrome on WINDOWS (541ab2b808c29c943008cc48a45f7f9d)] -> xpath: //ul[@class='dropdown-menu dropdown-menu-right']/li], [[ChromeDriver: chrome on WINDOWS (541ab2b808c29c943008cc48a45f7f9d)] -> xpath: //ul[@class='dropdown-menu dropdown-menu-right']/li]]
2023-05-16 17:05:666 INFO  RegisterPage :59 - Verify the text “Register Account”. [[ChromeDriver: chrome on WINDOWS (541ab2b808c29c943008cc48a45f7f9d)] -> xpath: //h1[contains(text(),'Register Account')]]
2023-05-16 17:05:463 INFO  HomePage :131 - Click on my account link :[[ChromeDriver: chrome on WINDOWS (38a2965c240ae19f0cf9d2d97351ad63)] -> xpath: //span[contains(text(),'My Account')]]
2023-05-16 17:05:147 INFO  HomePage :127 - Select Register from myAccount drop down list [[[ChromeDriver: chrome on WINDOWS (38a2965c240ae19f0cf9d2d97351ad63)] -> xpath: //ul[@class='dropdown-menu dropdown-menu-right']/li], [[ChromeDriver: chrome on WINDOWS (38a2965c240ae19f0cf9d2d97351ad63)] -> xpath: //ul[@class='dropdown-menu dropdown-menu-right']/li]]
2023-05-16 17:05:204 INFO  RegisterPage :65 - Enter Firstname Mehek to Firstname field [[ChromeDriver: chrome on WINDOWS (38a2965c240ae19f0cf9d2d97351ad63)] -> id: input-firstname]
2023-05-16 17:05:252 INFO  RegisterPage :70 - Enter Lastname Thakur to Lastname field [[ChromeDriver: chrome on WINDOWS (38a2965c240ae19f0cf9d2d97351ad63)] -> id: input-lastname]
2023-05-16 17:05:337 INFO  RegisterPage :75 - Enter email MehekTdp5s@gmail.com to email field [[ChromeDriver: chrome on WINDOWS (38a2965c240ae19f0cf9d2d97351ad63)] -> id: input-email]
2023-05-16 17:05:399 INFO  RegisterPage :80 - Enter Telephone 01234567890 to Telephone field [[ChromeDriver: chrome on WINDOWS (38a2965c240ae19f0cf9d2d97351ad63)] -> id: input-telephone]
2023-05-16 17:05:444 INFO  RegisterPage :85 - Enter Password Mv123456 to Password field [[ChromeDriver: chrome on WINDOWS (38a2965c240ae19f0cf9d2d97351ad63)] -> id: input-password]
2023-05-16 17:05:491 INFO  RegisterPage :90 - Enter ConfirmPassword Mv123456 to ConfirmPassword field [[ChromeDriver: chrome on WINDOWS (38a2965c240ae19f0cf9d2d97351ad63)] -> id: input-confirm]
2023-05-16 17:05:510 INFO  RegisterPage :102 - Select Subscribe Yes radio button [[[ChromeDriver: chrome on WINDOWS (38a2965c240ae19f0cf9d2d97351ad63)] -> xpath: //fieldset[3]//input], [[ChromeDriver: chrome on WINDOWS (38a2965c240ae19f0cf9d2d97351ad63)] -> xpath: //fieldset[3]//input]]
2023-05-16 17:05:541 INFO  RegisterPage :107 - Click on Privacy Policy check box [[ChromeDriver: chrome on WINDOWS (38a2965c240ae19f0cf9d2d97351ad63)] -> xpath: //input[@name='agree']]
2023-05-16 17:05:670 INFO  RegisterPage :112 - Clicking on Continue Button [[ChromeDriver: chrome on WINDOWS (38a2965c240ae19f0cf9d2d97351ad63)] -> xpath: //input[@type='submit']]
2023-05-16 17:05:682 INFO  RegisterPage :116 - Verify the message “Your Account Has Been Created!” [[ChromeDriver: chrome on WINDOWS (38a2965c240ae19f0cf9d2d97351ad63)] -> xpath: //h1[text()='Your Account Has Been Created!']]
2023-05-16 17:05:42 INFO  RegisterPage :122 - Clicking on Continue Button [[ChromeDriver: chrome on WINDOWS (38a2965c240ae19f0cf9d2d97351ad63)] -> xpath: //a[text()='Continue']]
2023-05-16 17:05:50 INFO  HomePage :131 - Click on my account link :[[ChromeDriver: chrome on WINDOWS (38a2965c240ae19f0cf9d2d97351ad63)] -> xpath: //span[contains(text(),'My Account')]]
2023-05-16 17:05:665 INFO  HomePage :127 - Select Logout from myAccount drop down list [[[ChromeDriver: chrome on WINDOWS (38a2965c240ae19f0cf9d2d97351ad63)] -> xpath: //ul[@class='dropdown-menu dropdown-menu-right']/li], [[ChromeDriver: chrome on WINDOWS (38a2965c240ae19f0cf9d2d97351ad63)] -> xpath: //ul[@class='dropdown-menu dropdown-menu-right']/li], [[ChromeDriver: chrome on WINDOWS (38a2965c240ae19f0cf9d2d97351ad63)] -> xpath: //ul[@class='dropdown-menu dropdown-menu-right']/li], [[ChromeDriver: chrome on WINDOWS (38a2965c240ae19f0cf9d2d97351ad63)] -> xpath: //ul[@class='dropdown-menu dropdown-menu-right']/li], [[ChromeDriver: chrome on WINDOWS (38a2965c240ae19f0cf9d2d97351ad63)] -> xpath: //ul[@class='dropdown-menu dropdown-menu-right']/li]]
2023-05-16 17:05:681 INFO  LogoutPage :34 - Verify text "Account Logout" [[ChromeDriver: chrome on WINDOWS (38a2965c240ae19f0cf9d2d97351ad63)] -> xpath: //h1[text()='Account Logout']]
2023-05-16 17:05:21 INFO  LogoutPage :40 - Clicking on Continue Button [[ChromeDriver: chrome on WINDOWS (38a2965c240ae19f0cf9d2d97351ad63)] -> xpath: //a[contains(text(),'Continue')]]
2023-05-16 17:05:865 INFO  HomePage :73 - Mouse hover on “Desktops” Tab and click [[ChromeDriver: chrome on WINDOWS (26d4ec27948f7271e31bc2c9a0f49c1a)] -> link text: Desktops]
2023-05-16 17:05:895 INFO  HomePage :67 - Click Show All Desktops from homepage Top menu  []
2023-05-16 17:05:914 INFO  DesktopPage :40 - Verify the text ‘Desktops’[[ChromeDriver: chrome on WINDOWS (26d4ec27948f7271e31bc2c9a0f49c1a)] -> xpath: //h2[contains(text(),'Desktops')]]
2023-05-16 17:05:813 INFO  HomePage :79 - Mouse hover on “Laptops & Notebooks” Tab and click [[ChromeDriver: chrome on WINDOWS (c5e7089e00a4f4a7187fa88b1dbe9f7a)] -> link text: Laptops & Notebooks]
2023-05-16 17:05:859 INFO  HomePage :67 - Click Show All Laptops & Notebooks from homepage Top menu  []
2023-05-16 17:05:874 INFO  LaptopAndNotebookPage :40 - Verify the text ‘Laptops & Notebooks’ [[ChromeDriver: chrome on WINDOWS (c5e7089e00a4f4a7187fa88b1dbe9f7a)] -> xpath: //h2[contains(text(),'Laptops & Notebooks')]]
2023-05-16 17:05:936 INFO  HomePage :85 -  Mouse hover on “Components” Tab and click [[ChromeDriver: chrome on WINDOWS (4ff18ecf812e400808608ffa28a62ed5)] -> link text: Components]
2023-05-16 17:05:981 INFO  HomePage :67 - Click Show All Components from homepage Top menu  []
2023-05-16 17:05:00 INFO  ComponentsPage :22 - Verify the text ‘Components’ [[ChromeDriver: chrome on WINDOWS (4ff18ecf812e400808608ffa28a62ed5)] -> xpath: //h2[contains(text(),'Components')]]
